TN:
SF:src/App.tsx
FN:16,(anonymous_10)
FN:16,(anonymous_11)
FN:17,(anonymous_12)
FN:17,(anonymous_13)
FN:18,(anonymous_14)
FN:18,(anonymous_15)
FN:19,(anonymous_16)
FN:19,(anonymous_17)
FN:20,(anonymous_18)
FN:20,(anonymous_19)
FN:21,(anonymous_20)
FN:21,(anonymous_21)
FN:22,(anonymous_22)
FN:22,(anonymous_23)
FN:23,(anonymous_24)
FN:23,(anonymous_25)
FN:24,(anonymous_26)
FN:24,(anonymous_27)
FN:25,(anonymous_28)
FN:25,(anonymous_29)
FN:26,(anonymous_30)
FN:26,(anonymous_31)
FN:27,(anonymous_32)
FN:27,(anonymous_33)
FN:28,(anonymous_34)
FN:28,(anonymous_35)
FN:29,(anonymous_36)
FN:29,(anonymous_37)
FN:30,(anonymous_38)
FN:30,(anonymous_39)
FN:31,(anonymous_40)
FN:31,(anonymous_41)
FN:32,(anonymous_42)
FN:32,(anonymous_43)
FN:33,(anonymous_44)
FN:33,(anonymous_45)
FN:34,(anonymous_46)
FN:34,(anonymous_47)
FN:37,(anonymous_48)
FN:68,App
FNF:40
FNH:0
FNDA:0,(anonymous_10)
FNDA:0,(anonymous_11)
FNDA:0,(anonymous_12)
FNDA:0,(anonymous_13)
FNDA:0,(anonymous_14)
FNDA:0,(anonymous_15)
FNDA:0,(anonymous_16)
FNDA:0,(anonymous_17)
FNDA:0,(anonymous_18)
FNDA:0,(anonymous_19)
FNDA:0,(anonymous_20)
FNDA:0,(anonymous_21)
FNDA:0,(anonymous_22)
FNDA:0,(anonymous_23)
FNDA:0,(anonymous_24)
FNDA:0,(anonymous_25)
FNDA:0,(anonymous_26)
FNDA:0,(anonymous_27)
FNDA:0,(anonymous_28)
FNDA:0,(anonymous_29)
FNDA:0,(anonymous_30)
FNDA:0,(anonymous_31)
FNDA:0,(anonymous_32)
FNDA:0,(anonymous_33)
FNDA:0,(anonymous_34)
FNDA:0,(anonymous_35)
FNDA:0,(anonymous_36)
FNDA:0,(anonymous_37)
FNDA:0,(anonymous_38)
FNDA:0,(anonymous_39)
FNDA:0,(anonymous_40)
FNDA:0,(anonymous_41)
FNDA:0,(anonymous_42)
FNDA:0,(anonymous_43)
FNDA:0,(anonymous_44)
FNDA:0,(anonymous_45)
FNDA:0,(anonymous_46)
FNDA:0,(anonymous_47)
FNDA:0,(anonymous_48)
FNDA:0,App
DA:2,0
DA:3,0
DA:4,0
DA:5,0
DA:6,0
DA:7,0
DA:8,0
DA:9,0
DA:10,0
DA:11,0
DA:12,0
DA:13,0
DA:16,0
DA:17,0
DA:18,0
DA:19,0
DA:20,0
DA:21,0
DA:22,0
DA:23,0
DA:24,0
DA:25,0
DA:26,0
DA:27,0
DA:28,0
DA:29,0
DA:30,0
DA:31,0
DA:32,0
DA:33,0
DA:34,0
DA:37,0
DA:38,0
DA:68,0
DA:70,0
DA:72,0
LF:36
LH:0
BRF:0
BRH:0
end_of_record
TN:
SF:src/Layout.tsx
FN:36,(anonymous_10)
FN:67,Layout
FN:86,(anonymous_12)
FN:116,(anonymous_13)
FN:152,(anonymous_14)
FN:192,(anonymous_15)
FN:222,(anonymous_16)
FN:305,(anonymous_17)
FN:324,(anonymous_18)
FN:337,(anonymous_19)
FN:365,(anonymous_20)
FN:377,(anonymous_21)
FNF:12
FNH:0
FNDA:0,(anonymous_10)
FNDA:0,Layout
FNDA:0,(anonymous_12)
FNDA:0,(anonymous_13)
FNDA:0,(anonymous_14)
FNDA:0,(anonymous_15)
FNDA:0,(anonymous_16)
FNDA:0,(anonymous_17)
FNDA:0,(anonymous_18)
FNDA:0,(anonymous_19)
FNDA:0,(anonymous_20)
FNDA:0,(anonymous_21)
DA:2,0
DA:3,0
DA:4,0
DA:5,0
DA:16,0
DA:18,0
DA:20,0
DA:21,0
DA:29,0
DA:30,0
DA:31,0
DA:32,0
DA:33,0
DA:36,0
DA:37,0
DA:54,0
DA:67,0
DA:71,0
DA:78,0
DA:79,0
DA:80,0
DA:81,0
DA:82,0
DA:86,0
DA:87,0
DA:88,0
DA:93,0
DA:95,0
DA:96,0
DA:115,0
DA:117,0
DA:118,0
DA:119,0
DA:121,0
DA:125,0
DA:154,0
DA:157,0
DA:161,0
DA:193,0
DA:194,0
DA:195,0
DA:222,0
DA:306,0
DA:307,0
DA:308,0
DA:326,0
DA:329,0
DA:333,0
DA:337,0
DA:366,0
DA:367,0
DA:378,0
DA:379,0
LF:53
LH:0
BRDA:20,0,0,0
BRDA:20,0,1,0
BRDA:73,1,0,0
BRDA:73,1,1,0
BRDA:87,2,0,0
BRDA:87,2,1,0
BRDA:93,3,0,0
BRDA:93,3,1,0
BRDA:95,4,0,0
BRDA:95,4,1,0
BRDA:115,5,0,0
BRDA:115,5,1,0
BRDA:117,6,0,0
BRDA:117,6,1,0
BRDA:118,7,0,0
BRDA:118,7,1,0
BRDA:118,7,2,0
BRDA:118,7,3,0
BRDA:157,8,0,0
BRDA:157,8,1,0
BRDA:167,9,0,0
BRDA:167,9,1,0
BRDA:172,10,0,0
BRDA:172,10,1,0
BRDA:198,11,0,0
BRDA:198,11,1,0
BRDA:201,12,0,0
BRDA:201,12,1,0
BRDA:210,13,0,0
BRDA:210,13,1,0
BRDA:311,14,0,0
BRDA:311,14,1,0
BRDA:314,15,0,0
BRDA:314,15,1,0
BRDA:329,16,0,0
BRDA:329,16,1,0
BRDA:340,17,0,0
BRDA:340,17,1,0
BRDA:345,18,0,0
BRDA:345,18,1,0
BRDA:362,19,0,0
BRDA:362,19,1,0
BRDA:406,20,0,0
BRDA:406,20,1,0
BRDA:406,20,2,0
BRDA:406,20,3,0
BRF:46
BRH:0
end_of_record
TN:
SF:src/api/adminModeration.ts
FN:39,handleError
FN:49,getFlaggedPlaylists
FN:64,getPlaylistDetails
FN:88,approvePlaylist
FN:96,hidePlaylist
FN:107,restrictUser
FN:118,unrestrictUser
FNF:7
FNH:0
FNDA:0,handleError
FNDA:0,getFlaggedPlaylists
FNDA:0,getPlaylistDetails
FNDA:0,approvePlaylist
FNDA:0,hidePlaylist
FNDA:0,restrictUser
FNDA:0,unrestrictUser
DA:4,0
DA:40,0
DA:46,0
DA:49,0
DA:52,0
DA:56,0
DA:57,0
DA:58,0
DA:60,0
DA:64,0
DA:65,0
DA:66,0
DA:67,0
DA:84,0
DA:88,0
DA:89,0
DA:90,0
DA:92,0
DA:96,0
DA:97,0
DA:98,0
DA:103,0
DA:107,0
DA:108,0
DA:109,0
DA:114,0
DA:118,0
DA:119,0
DA:120,0
DA:122,0
LF:30
LH:0
BRDA:46,0,0,0
BRDA:46,0,1,0
BRDA:46,0,2,0
BRDA:52,1,0,0
BRDA:52,1,1,0
BRDA:58,2,0,0
BRDA:58,2,1,0
BRDA:69,3,0,0
BRDA:69,3,1,0
BRDA:70,4,0,0
BRDA:70,4,1,0
BRDA:73,5,0,0
BRDA:73,5,1,0
BRDA:74,6,0,0
BRDA:74,6,1,0
BRDA:75,7,0,0
BRDA:75,7,1,0
BRDA:76,8,0,0
BRDA:76,8,1,0
BRF:19
BRH:0
end_of_record
TN:
SF:src/api/publicPlaylists.ts
FN:33,normalizePublicPlaylist
FN:76,getExplorePublicPlaylists
FN:125,getPublicPlaylistById
FN:139,getPublicPlaylistTracks
FN:149,getMyPublicPlaylists
FN:155,checkPublicPlaylistNameAvailability
FN:168,createPublicPlaylist
FN:179,updateVisibility
FN:194,reportPlaylist
FN:228,startPublicPlaylistTransfer
FNF:10
FNH:0
FNDA:0,normalizePublicPlaylist
FNDA:0,getExplorePublicPlaylists
FNDA:0,getPublicPlaylistById
FNDA:0,getPublicPlaylistTracks
FNDA:0,getMyPublicPlaylists
FNDA:0,checkPublicPlaylistNameAvailability
FNDA:0,createPublicPlaylist
FNDA:0,updateVisibility
FNDA:0,reportPlaylist
FNDA:0,startPublicPlaylistTransfer
DA:3,0
DA:5,0
DA:7,0
DA:34,0
DA:76,0
DA:79,0
DA:81,0
DA:82,0
DA:83,0
DA:84,0
DA:85,0
DA:86,0
DA:87,0
DA:88,0
DA:89,0
DA:90,0
DA:91,0
DA:94,0
DA:95,0
DA:98,0
DA:100,0
DA:101,0
DA:108,0
DA:110,0
DA:112,0
DA:113,0
DA:116,0
DA:117,0
DA:125,0
DA:126,0
DA:127,0
DA:128,0
DA:130,0
DA:131,0
DA:139,0
DA:140,0
DA:141,0
DA:142,0
DA:144,0
DA:145,0
DA:149,0
DA:150,0
DA:151,0
DA:152,0
DA:155,0
DA:158,0
DA:160,0
DA:161,0
DA:163,0
DA:164,0
DA:168,0
DA:171,0
DA:176,0
DA:179,0
DA:183,0
DA:188,0
DA:194,0
DA:199,0
DA:204,0
DA:228,0
DA:231,0
DA:232,0
DA:237,0
DA:239,0
DA:240,0
LF:65
LH:0
BRDA:36,0,0,0
BRDA:36,0,1,0
BRDA:37,1,0,0
BRDA:37,1,1,0
BRDA:38,2,0,0
BRDA:38,2,1,0
BRDA:41,3,0,0
BRDA:41,3,1,0
BRDA:41,3,2,0
BRDA:42,4,0,0
BRDA:42,4,1,0
BRDA:43,5,0,0
BRDA:43,5,1,0
BRDA:44,6,0,0
BRDA:44,6,1,0
BRDA:44,6,2,0
BRDA:45,7,0,0
BRDA:45,7,1,0
BRDA:46,8,0,0
BRDA:46,8,1,0
BRDA:47,9,0,0
BRDA:47,9,1,0
BRDA:47,9,2,0
BRDA:48,10,0,0
BRDA:48,10,1,0
BRDA:82,11,0,0
BRDA:82,11,1,0
BRDA:83,12,0,0
BRDA:83,12,1,0
BRDA:84,13,0,0
BRDA:84,13,1,0
BRDA:85,14,0,0
BRDA:85,14,1,0
BRDA:86,15,0,0
BRDA:86,15,1,0
BRDA:87,16,0,0
BRDA:87,16,1,0
BRDA:88,17,0,0
BRDA:88,17,1,0
BRDA:89,18,0,0
BRDA:89,18,1,0
BRDA:90,19,0,0
BRDA:90,19,1,0
BRDA:91,20,0,0
BRDA:91,20,1,0
BRDA:94,21,0,0
BRDA:94,21,1,0
BRDA:98,22,0,0
BRDA:98,22,1,0
BRDA:98,23,0,0
BRDA:98,23,1,0
BRDA:98,23,2,0
BRDA:98,23,3,0
BRDA:108,24,0,0
BRDA:108,24,1,0
BRDA:142,25,0,0
BRDA:142,25,1,0
BRDA:151,26,0,0
BRDA:151,26,1,0
BRF:59
BRH:0
end_of_record
TN:
SF:src/api/recommendations.ts
FN:13,getRecommendations
FNF:1
FNH:0
FNDA:0,getRecommendations
DA:3,0
DA:13,0
DA:17,0
DA:18,0
DA:21,0
DA:23,0
DA:24,0
LF:7
LH:0
BRDA:15,0,0,0
BRDA:21,1,0,0
BRDA:21,1,1,0
BRF:3
BRH:0
end_of_record
TN:
SF:src/api/transferHistory.ts
FN:17,getAuthToken
FN:24,getTransferHistory
FN:34,getTransferHistoryDetails
FN:46,getTransferHistoryTracks
FN:58,getTransferHistoryCount
FN:72,downloadTransferHistoryCSV
FN:139,downloadTransferHistoryPDF
FN:203,getTransferHistoryTracksByTransferId
FN:224,toggleTransferHistoryVisibility
FNF:9
FNH:0
FNDA:0,getAuthToken
FNDA:0,getTransferHistory
FNDA:0,getTransferHistoryDetails
FNDA:0,getTransferHistoryTracks
FNDA:0,getTransferHistoryCount
FNDA:0,downloadTransferHistoryCSV
FNDA:0,downloadTransferHistoryPDF
FNDA:0,getTransferHistoryTracksByTransferId
FNDA:0,toggleTransferHistoryVisibility
DA:3,0
DA:10,0
DA:12,0
DA:18,0
DA:24,0
DA:25,0
DA:28,0
DA:34,0
DA:37,0
DA:40,0
DA:46,0
DA:49,0
DA:52,0
DA:58,0
DA:59,0
DA:62,0
DA:72,0
DA:73,0
DA:75,0
DA:78,0
DA:84,0
DA:85,0
DA:87,0
DA:90,0
DA:96,0
DA:97,0
DA:98,0
DA:100,0
DA:101,0
DA:103,0
DA:106,0
DA:109,0
DA:110,0
DA:112,0
DA:113,0
DA:114,0
DA:115,0
DA:121,0
DA:122,0
DA:123,0
DA:124,0
DA:125,0
DA:126,0
DA:127,0
DA:128,0
DA:139,0
DA:140,0
DA:142,0
DA:145,0
DA:149,0
DA:150,0
DA:152,0
DA:155,0
DA:161,0
DA:162,0
DA:163,0
DA:165,0
DA:166,0
DA:168,0
DA:169,0
DA:171,0
DA:174,0
DA:177,0
DA:178,0
DA:180,0
DA:181,0
DA:182,0
DA:183,0
DA:189,0
DA:190,0
DA:191,0
DA:192,0
DA:193,0
DA:194,0
DA:195,0
DA:196,0
DA:203,0
DA:206,0
DA:207,0
DA:210,0
DA:212,0
DA:213,0
DA:224,0
DA:228,0
DA:229,0
DA:233,0
DA:235,0
DA:236,0
LF:88
LH:0
BRDA:84,0,0,0
BRDA:84,0,1,0
BRDA:96,1,0,0
BRDA:96,1,1,0
BRDA:97,2,0,0
BRDA:97,2,1,0
BRDA:100,3,0,0
BRDA:100,3,1,0
BRDA:112,4,0,0
BRDA:112,4,1,0
BRDA:114,5,0,0
BRDA:114,5,1,0
BRDA:114,6,0,0
BRDA:114,6,1,0
BRDA:149,7,0,0
BRDA:149,7,1,0
BRDA:161,8,0,0
BRDA:161,8,1,0
BRDA:162,9,0,0
BRDA:162,9,1,0
BRDA:165,10,0,0
BRDA:165,10,1,0
BRDA:168,11,0,0
BRDA:168,11,1,0
BRDA:180,12,0,0
BRDA:180,12,1,0
BRDA:182,13,0,0
BRDA:182,13,1,0
BRDA:182,14,0,0
BRDA:182,14,1,0
BRF:30
BRH:0
end_of_record
TN:
SF:src/components/AdminBlockedRoute.tsx
FN:12,AdminBlockedRoute
FNF:1
FNH:0
FNDA:0,AdminBlockedRoute
DA:4,0
DA:5,0
DA:6,0
DA:12,0
DA:13,0
DA:15,0
DA:16,0
DA:23,0
DA:24,0
DA:28,0
DA:31,0
DA:32,0
DA:35,0
LF:13
LH:0
BRDA:15,0,0,0
BRDA:15,0,1,0
BRDA:23,1,0,0
BRDA:23,1,1,0
BRDA:28,2,0,0
BRDA:28,2,1,0
BRDA:28,2,2,0
BRDA:28,2,3,0
BRDA:31,3,0,0
BRDA:31,3,1,0
BRF:10
BRH:0
end_of_record
TN:
SF:src/components/ConfirmationDialog.tsx
FN:25,ConfirmationDialog
FN:35,(anonymous_1)
FNF:2
FNH:0
FNDA:0,ConfirmationDialog
FNDA:0,(anonymous_1)
DA:3,0
DA:25,0
DA:35,0
DA:36,0
DA:37,0
DA:40,0
LF:6
LH:0
BRDA:31,0,0,0
BRDA:32,1,0,0
BRDA:33,2,0,0
BRDA:52,3,0,0
BRDA:52,3,1,0
BRF:5
BRH:0
end_of_record
TN:
SF:src/components/ErrorBoundary.tsx
FN:21,(anonymous_9)
FN:30,(anonymous_10)
FN:34,(anonymous_11)
FN:55,(anonymous_12)
FN:65,(anonymous_13)
FN:69,(anonymous_14)
FN:73,(anonymous_15)
FNF:7
FNH:0
FNDA:0,(anonymous_9)
FNDA:0,(anonymous_10)
FNDA:0,(anonymous_11)
FNDA:0,(anonymous_12)
FNDA:0,(anonymous_13)
FNDA:0,(anonymous_14)
FNDA:0,(anonymous_15)
DA:3,0
DA:4,0
DA:5,0
DA:6,0
DA:7,0
DA:22,0
DA:23,0
DA:31,0
DA:36,0
DA:37,0
DA:41,0
DA:42,0
DA:49,0
DA:55,0
DA:56,0
DA:62,0
DA:65,0
DA:66,0
DA:69,0
DA:70,0
DA:74,0
DA:75,0
DA:76,0
DA:79,0
DA:156,0
DA:160,0
LF:26
LH:0
BRDA:36,0,0,0
BRDA:36,0,1,0
BRDA:41,1,0,0
BRDA:41,1,1,0
BRDA:41,2,0,0
BRDA:41,2,1,0
BRDA:74,3,0,0
BRDA:74,3,1,0
BRDA:75,4,0,0
BRDA:75,4,1,0
BRDA:105,5,0,0
BRDA:105,5,1,0
BRDA:105,5,2,0
BRDA:110,6,0,0
BRDA:110,6,1,0
BRF:15
BRH:0
end_of_record
TN:
SF:src/components/PageTransition.tsx
FN:32,PageTransition
FN:36,(anonymous_10)
FN:38,(anonymous_11)
FN:45,(anonymous_12)
FNF:4
FNH:0
FNDA:0,PageTransition
FNDA:0,(anonymous_10)
FNDA:0,(anonymous_11)
FNDA:0,(anonymous_12)
DA:3,0
DA:4,0
DA:5,0
DA:11,0
DA:26,0
DA:32,0
DA:33,0
DA:36,0
DA:38,0
DA:39,0
DA:42,0
DA:43,0
DA:45,0
DA:46,0
DA:52,0
LF:15
LH:0
BRDA:43,0,0,0
BRDA:43,0,1,0
BRF:2
BRH:0
end_of_record
TN:
SF:src/components/ProtectedRoute.tsx
FN:14,ProtectedRoute
FNF:1
FNH:0
FNDA:0,ProtectedRoute
DA:4,0
DA:5,0
DA:6,0
DA:7,0
DA:8,0
DA:14,0
DA:15,0
DA:17,0
DA:18,0
DA:36,0
DA:37,0
DA:40,0
LF:12
LH:0
BRDA:17,0,0,0
BRDA:17,0,1,0
BRDA:36,1,0,0
BRDA:36,1,1,0
BRF:4
BRH:0
end_of_record
TN:
SF:src/components/SEOHead.tsx
FN:13,SEOHead
FN:20,(anonymous_1)
FN:22,(anonymous_2)
FNF:3
FNH:0
FNDA:0,SEOHead
FNDA:0,(anonymous_1)
FNDA:0,(anonymous_2)
DA:3,0
DA:13,0
DA:20,0
DA:22,0
DA:23,0
DA:24,0
DA:28,0
DA:29,0
DA:30,0
DA:31,0
DA:34,0
DA:38,0
DA:41,0
DA:42,0
DA:45,0
DA:46,0
DA:47,0
DA:48,0
DA:49,0
DA:50,0
DA:53,0
DA:54,0
DA:55,0
DA:56,0
DA:59,0
DA:60,0
DA:61,0
DA:62,0
DA:63,0
DA:65,0
DA:68,0
LF:31
LH:0
BRDA:14,0,0,0
BRDA:15,1,0,0
BRDA:16,2,0,0
BRDA:17,3,0,0
BRDA:17,4,0,0
BRDA:17,4,1,0
BRDA:18,5,0,0
BRDA:22,6,0,0
BRDA:23,7,0,0
BRDA:23,7,1,0
BRDA:28,8,0,0
BRDA:28,8,1,0
BRDA:60,9,0,0
BRDA:60,9,1,0
BRF:14
BRH:0
end_of_record
TN:
SF:src/components/SkipToContent.tsx
FN:5,SkipToContent
FNF:1
FNH:0
FNDA:0,SkipToContent
DA:3,0
DA:5,0
DA:6,0
LF:3
LH:0
BRF:0
BRH:0
end_of_record
TN:
SF:src/components/explore/AppliedFiltersChips.tsx
FN:28,AppliedFiltersChips
FN:33,(anonymous_2)
FN:65,(anonymous_3)
FN:85,(anonymous_4)
FNF:4
FNH:0
FNDA:0,AppliedFiltersChips
FNDA:0,(anonymous_2)
FNDA:0,(anonymous_3)
FNDA:0,(anonymous_4)
DA:2,0
DA:3,0
DA:4,0
DA:5,0
DA:6,0
DA:28,0
DA:33,0
DA:34,0
DA:35,0
DA:38,0
DA:40,0
DA:49,0
DA:66,0
DA:67,0
DA:85,0
LF:15
LH:0
BRDA:34,0,0,0
BRDA:34,0,1,0
BRDA:35,1,0,0
BRDA:35,1,1,0
BRDA:35,1,2,0
BRDA:38,2,0,0
BRDA:38,2,1,0
BRDA:97,3,0,0
BRDA:97,3,1,0
BRF:9
BRH:0
end_of_record
TN:
SF:src/components/explore/AutocompleteSearchBar.tsx
FN:21,AutocompleteSearchBar
FN:36,(anonymous_10)
FN:50,(anonymous_11)
FN:77,(anonymous_12)
FN:85,(anonymous_13)
FN:96,(anonymous_14)
FN:102,(anonymous_15)
FN:120,(anonymous_16)
FN:130,(anonymous_17)
FN:136,(anonymous_18)
FN:138,(anonymous_19)
FN:168,(anonymous_20)
FN:226,(anonymous_21)
FN:240,(anonymous_22)
FN:241,(anonymous_23)
FNF:15
FNH:0
FNDA:0,AutocompleteSearchBar
FNDA:0,(anonymous_10)
FNDA:0,(anonymous_11)
FNDA:0,(anonymous_12)
FNDA:0,(anonymous_13)
FNDA:0,(anonymous_14)
FNDA:0,(anonymous_15)
FNDA:0,(anonymous_16)
FNDA:0,(anonymous_17)
FNDA:0,(anonymous_18)
FNDA:0,(anonymous_19)
FNDA:0,(anonymous_20)
FNDA:0,(anonymous_21)
FNDA:0,(anonymous_22)
FNDA:0,(anonymous_23)
DA:2,0
DA:3,0
DA:4,0
DA:5,0
DA:6,0
DA:7,0
DA:21,0
DA:27,0
DA:28,0
DA:29,0
DA:30,0
DA:31,0
DA:32,0
DA:33,0
DA:36,0
DA:38,0
DA:39,0
DA:43,0
DA:44,0
DA:45,0
DA:46,0
DA:50,0
DA:51,0
DA:52,0
DA:54,0
DA:61,0
DA:65,0
DA:66,0
DA:67,0
DA:69,0
DA:70,0
DA:71,0
DA:73,0
DA:77,0
DA:78,0
DA:79,0
DA:85,0
DA:86,0
DA:87,0
DA:88,0
DA:90,0
DA:93,0
DA:95,0
DA:96,0
DA:97,0
DA:99,0
DA:101,0
DA:102,0
DA:103,0
DA:105,0
DA:106,0
DA:107,0
DA:109,0
DA:111,0
DA:113,0
DA:114,0
DA:115,0
DA:116,0
DA:120,0
DA:121,0
DA:122,0
DA:123,0
DA:125,0
DA:126,0
DA:127,0
DA:130,0
DA:131,0
DA:132,0
DA:136,0
DA:138,0
DA:139,0
DA:140,0
DA:144,0
DA:168,0
DA:227,0
DA:240,0
DA:241,0
LF:77
LH:0
BRDA:38,0,0,0
BRDA:38,0,1,0
BRDA:43,1,0,0
BRDA:43,1,1,0
BRDA:61,2,0,0
BRDA:61,2,1,0
BRDA:63,3,0,0
BRDA:63,3,1,0
BRDA:78,4,0,0
BRDA:78,4,1,0
BRDA:86,5,0,0
BRDA:86,5,1,0
BRDA:86,6,0,0
BRDA:86,6,1,0
BRDA:87,7,0,0
BRDA:87,7,1,0
BRDA:93,8,0,0
BRDA:93,8,1,0
BRDA:93,8,2,0
BRDA:93,8,3,0
BRDA:97,9,0,0
BRDA:97,9,1,0
BRDA:102,10,0,0
BRDA:102,10,1,0
BRDA:106,11,0,0
BRDA:106,11,1,0
BRDA:106,12,0,0
BRDA:106,12,1,0
BRDA:122,13,0,0
BRDA:122,13,1,0
BRDA:131,14,0,0
BRDA:131,14,1,0
BRDA:154,15,0,0
BRDA:154,15,1,0
BRDA:155,16,0,0
BRDA:155,16,1,0
BRDA:181,17,0,0
BRDA:181,17,1,0
BRDA:200,18,0,0
BRDA:200,18,1,0
BRDA:200,18,2,0
BRDA:215,19,0,0
BRDA:215,19,1,0
BRDA:215,19,2,0
BRDA:235,20,0,0
BRDA:235,20,1,0
BRDA:251,21,0,0
BRDA:251,21,1,0
BRF:48
BRH:0
end_of_record
TN:
SF:src/components/explore/FiltersBar.tsx
FN:54,FiltersBar
FN:83,(anonymous_10)
FN:109,(anonymous_11)
FN:115,(anonymous_12)
FN:134,(anonymous_13)
FN:141,(anonymous_14)
FN:160,(anonymous_15)
FN:166,(anonymous_16)
FN:188,(anonymous_17)
FN:208,(anonymous_18)
FN:226,(anonymous_19)
FN:255,(anonymous_20)
FN:261,(anonymous_21)
FN:280,(anonymous_22)
FN:287,(anonymous_23)
FN:306,(anonymous_24)
FN:312,(anonymous_25)
FN:334,(anonymous_26)
FN:354,(anonymous_27)
FN:372,(anonymous_28)
FNF:20
FNH:0
FNDA:0,FiltersBar
FNDA:0,(anonymous_10)
FNDA:0,(anonymous_11)
FNDA:0,(anonymous_12)
FNDA:0,(anonymous_13)
FNDA:0,(anonymous_14)
FNDA:0,(anonymous_15)
FNDA:0,(anonymous_16)
FNDA:0,(anonymous_17)
FNDA:0,(anonymous_18)
FNDA:0,(anonymous_19)
FNDA:0,(anonymous_20)
FNDA:0,(anonymous_21)
FNDA:0,(anonymous_22)
FNDA:0,(anonymous_23)
FNDA:0,(anonymous_24)
FNDA:0,(anonymous_25)
FNDA:0,(anonymous_26)
FNDA:0,(anonymous_27)
FNDA:0,(anonymous_28)
DA:3,0
DA:4,0
DA:11,0
DA:12,0
DA:13,0
DA:14,0
DA:15,0
DA:16,0
DA:17,0
DA:20,0
DA:29,0
DA:54,0
DA:55,0
DA:57,0
DA:83,0
DA:109,0
DA:116,0
DA:134,0
DA:142,0
DA:160,0
DA:167,0
DA:188,0
DA:208,0
DA:226,0
DA:255,0
DA:262,0
DA:280,0
DA:288,0
DA:306,0
DA:313,0
DA:334,0
DA:354,0
DA:372,0
LF:33
LH:0
BRDA:85,0,0,0
BRDA:85,0,1,0
BRDA:88,1,0,0
BRDA:88,1,1,0
BRDA:108,2,0,0
BRDA:108,2,1,0
BRDA:133,3,0,0
BRDA:133,3,1,0
BRDA:159,4,0,0
BRDA:159,4,1,0
BRDA:187,5,0,0
BRDA:187,5,1,0
BRDA:207,6,0,0
BRDA:207,6,1,0
BRDA:225,7,0,0
BRDA:225,7,1,0
BRDA:236,8,0,0
BRDA:236,8,1,0
BRDA:254,9,0,0
BRDA:254,9,1,0
BRDA:279,10,0,0
BRDA:279,10,1,0
BRDA:305,11,0,0
BRDA:305,11,1,0
BRDA:333,12,0,0
BRDA:333,12,1,0
BRDA:353,13,0,0
BRDA:353,13,1,0
BRDA:371,14,0,0
BRDA:371,14,1,0
BRF:30
BRH:0
end_of_record
TN:
SF:src/components/explore/Pagination.tsx
FN:21,Pagination
FN:48,(anonymous_2)
FN:82,(anonymous_3)
FN:101,(anonymous_4)
FN:112,(anonymous_5)
FN:124,(anonymous_6)
FN:153,(anonymous_7)
FN:166,(anonymous_8)
FNF:8
FNH:0
FNDA:0,Pagination
FNDA:0,(anonymous_2)
FNDA:0,(anonymous_3)
FNDA:0,(anonymous_4)
FNDA:0,(anonymous_5)
FNDA:0,(anonymous_6)
FNDA:0,(anonymous_7)
FNDA:0,(anonymous_8)
DA:3,0
DA:4,0
DA:5,0
DA:6,0
DA:21,0
DA:28,0
DA:29,0
DA:30,0
DA:35,0
DA:36,0
DA:37,0
DA:38,0
DA:40,0
DA:41,0
DA:44,0
DA:45,0
DA:48,0
DA:49,0
DA:50,0
DA:53,0
DA:82,0
DA:101,0
DA:113,0
DA:124,0
DA:153,0
DA:166,0
LF:26
LH:0
BRDA:29,0,0,0
BRDA:29,0,1,0
BRDA:30,1,0,0
BRDA:30,1,1,0
BRDA:40,2,0,0
BRDA:40,2,1,0
BRDA:49,3,0,0
BRDA:49,3,1,0
BRDA:49,4,0,0
BRDA:49,4,1,0
BRDA:67,5,0,0
BRDA:67,5,1,0
BRDA:83,6,0,0
BRDA:83,6,1,0
BRDA:90,7,0,0
BRDA:90,7,1,0
BRDA:107,8,0,0
BRDA:107,8,1,0
BRDA:122,9,0,0
BRDA:122,9,1,0
BRDA:126,10,0,0
BRDA:126,10,1,0
BRDA:131,11,0,0
BRDA:131,11,1,0
BRDA:139,12,0,0
BRDA:139,12,1,0
BRDA:141,13,0,0
BRDA:141,13,1,0
BRDA:167,14,0,0
BRDA:167,14,1,0
BRF:30
BRH:0
end_of_record
TN:
SF:src/components/explore/PlaylistCard.tsx
FN:36,formatDuration
FN:52,PlaylistCard
FN:80,(anonymous_3)
FN:92,(anonymous_4)
FN:123,(anonymous_5)
FNF:5
FNH:0
FNDA:0,formatDuration
FNDA:0,PlaylistCard
FNDA:0,(anonymous_3)
FNDA:0,(anonymous_4)
FNDA:0,(anonymous_5)
DA:2,0
DA:3,0
DA:4,0
DA:5,0
DA:6,0
DA:7,0
DA:11,0
DA:21,0
DA:37,0
DA:38,0
DA:39,0
DA:40,0
DA:41,0
DA:52,0
DA:58,0
DA:61,0
DA:63,0
DA:80,0
DA:94,0
DA:95,0
DA:96,0
DA:97,0
DA:98,0
DA:124,0
DA:125,0
LF:25
LH:0
BRDA:37,0,0,0
BRDA:37,0,1,0
BRDA:37,1,0,0
BRDA:37,1,1,0
BRDA:40,2,0,0
BRDA:40,2,1,0
BRDA:58,3,0,0
BRDA:58,3,1,0
BRDA:61,4,0,0
BRDA:61,4,1,0
BRDA:84,5,0,0
BRDA:84,5,1,0
BRDA:97,6,0,0
BRDA:97,6,1,0
BRDA:109,7,0,0
BRDA:109,7,1,0
BRDA:147,8,0,0
BRDA:147,8,1,0
BRDA:154,9,0,0
BRDA:154,9,1,0
BRDA:167,10,0,0
BRDA:167,10,1,0
BRDA:167,10,2,0
BRF:23
BRH:0
end_of_record
TN:
SF:src/components/explore/PlaylistDetailsDrawer.tsx
FN:79,formatDuration
FN:86,formatTotalDuration
FN:99,PlaylistDetailsDrawer
FN:119,(anonymous_12)
FN:128,(anonymous_13)
FN:129,(anonymous_14)
FN:169,(anonymous_15)
FN:175,(anonymous_16)
FN:178,(anonymous_17)
FN:182,(anonymous_18)
FN:221,(anonymous_19)
FN:302,(anonymous_20)
FN:312,(anonymous_21)
FN:423,(anonymous_22)
FN:434,(anonymous_23)
FN:478,(anonymous_24)
FN:519,(anonymous_25)
FNF:17
FNH:0
FNDA:0,formatDuration
FNDA:0,formatTotalDuration
FNDA:0,PlaylistDetailsDrawer
FNDA:0,(anonymous_12)
FNDA:0,(anonymous_13)
FNDA:0,(anonymous_14)
FNDA:0,(anonymous_15)
FNDA:0,(anonymous_16)
FNDA:0,(anonymous_17)
FNDA:0,(anonymous_18)
FNDA:0,(anonymous_19)
FNDA:0,(anonymous_20)
FNDA:0,(anonymous_21)
FNDA:0,(anonymous_22)
FNDA:0,(anonymous_23)
FNDA:0,(anonymous_24)
FNDA:0,(anonymous_25)
DA:2,0
DA:3,0
DA:10,0
DA:11,0
DA:12,0
DA:13,0
DA:14,0
DA:15,0
DA:24,0
DA:25,0
DA:26,0
DA:33,0
DA:34,0
DA:36,0
DA:37,0
DA:41,0
DA:51,0
DA:80,0
DA:81,0
DA:82,0
DA:83,0
DA:87,0
DA:88,0
DA:89,0
DA:90,0
DA:91,0
DA:99,0
DA:106,0
DA:107,0
DA:108,0
DA:109,0
DA:110,0
DA:111,0
DA:112,0
DA:113,0
DA:116,0
DA:120,0
DA:121,0
DA:128,0
DA:129,0
DA:130,0
DA:131,0
DA:132,0
DA:135,0
DA:136,0
DA:137,0
DA:139,0
DA:140,0
DA:141,0
DA:142,0
DA:143,0
DA:145,0
DA:148,0
DA:149,0
DA:150,0
DA:151,0
DA:152,0
DA:153,0
DA:154,0
DA:155,0
DA:157,0
DA:160,0
DA:164,0
DA:165,0
DA:169,0
DA:170,0
DA:171,0
DA:172,0
DA:173,0
DA:176,0
DA:178,0
DA:182,0
DA:183,0
DA:184,0
DA:185,0
DA:188,0
DA:189,0
DA:190,0
DA:193,0
DA:194,0
DA:195,0
DA:199,0
DA:200,0
DA:201,0
DA:202,0
DA:204,0
DA:205,0
DA:207,0
DA:211,0
DA:214,0
DA:216,0
DA:218,0
DA:222,0
DA:302,0
DA:312,0
DA:423,0
DA:435,0
DA:436,0
DA:437,0
DA:479,0
DA:520,0
LF:101
LH:0
BRDA:80,0,0,0
BRDA:80,0,1,0
BRDA:80,1,0,0
BRDA:80,1,1,0
BRDA:87,2,0,0
BRDA:87,2,1,0
BRDA:87,3,0,0
BRDA:87,3,1,0
BRDA:90,4,0,0
BRDA:90,4,1,0
BRDA:120,5,0,0
BRDA:120,5,1,0
BRDA:130,6,0,0
BRDA:130,6,1,0
BRDA:148,7,0,0
BRDA:148,7,1,0
BRDA:150,8,0,0
BRDA:150,8,1,0
BRDA:152,9,0,0
BRDA:152,9,1,0
BRDA:154,10,0,0
BRDA:154,10,1,0
BRDA:154,11,0,0
BRDA:154,11,1,0
BRDA:164,12,0,0
BRDA:164,12,1,0
BRDA:164,13,0,0
BRDA:164,13,1,0
BRDA:170,14,0,0
BRDA:170,14,1,0
BRDA:183,15,0,0
BRDA:183,15,1,0
BRDA:188,16,0,0
BRDA:188,16,1,0
BRDA:197,17,0,0
BRDA:197,17,1,0
BRDA:205,18,0,0
BRDA:205,18,1,0
BRDA:211,19,0,0
BRDA:211,19,1,0
BRDA:214,20,0,0
BRDA:214,20,1,0
BRDA:216,21,0,0
BRDA:216,21,1,0
BRDA:222,22,0,0
BRDA:222,22,1,0
BRDA:236,23,0,0
BRDA:236,23,1,0
BRDA:242,24,0,0
BRDA:242,24,1,0
BRDA:269,25,0,0
BRDA:269,25,1,0
BRDA:291,26,0,0
BRDA:291,26,1,0
BRDA:309,27,0,0
BRDA:309,27,1,0
BRDA:398,28,0,0
BRDA:398,28,1,0
BRDA:401,29,0,0
BRDA:401,29,1,0
BRDA:402,30,0,0
BRDA:402,30,1,0
BRDA:403,31,0,0
BRDA:403,31,1,0
BRDA:404,32,0,0
BRDA:404,32,1,0
BRDA:408,33,0,0
BRDA:408,33,1,0
BRDA:446,34,0,0
BRDA:446,34,1,0
BRDA:448,35,0,0
BRDA:448,35,1,0
BRDA:448,36,0,0
BRDA:448,36,1,0
BRDA:453,37,0,0
BRDA:453,37,1,0
BRDA:475,38,0,0
BRDA:475,38,1,0
BRDA:493,39,0,0
BRDA:493,39,1,0
BRDA:493,39,2,0
BRDA:516,40,0,0
BRDA:516,40,1,0
BRDA:516,40,2,0
BRDA:516,40,3,0
BRDA:527,41,0,0
BRDA:527,41,1,0
BRDA:530,42,0,0
BRDA:530,42,1,0
BRDA:533,43,0,0
BRDA:533,43,1,0
BRDA:521,44,0,0
BRDA:521,44,1,0
BRDA:555,45,0,0
BRDA:555,45,1,0
BRDA:555,45,2,0
BRDA:555,45,3,0
BRDA:555,45,4,0
BRDA:568,46,0,0
BRDA:568,46,1,0
BRDA:568,46,2,0
BRDA:568,46,3,0
BRDA:568,46,4,0
BRF:103
BRH:0
end_of_record
TN:
SF:src/components/explore/SearchBar.tsx
FN:23,SearchBar
FN:50,(anonymous_2)
FN:51,(anonymous_3)
FNF:3
FNH:0
FNDA:0,SearchBar
FNDA:0,(anonymous_2)
FNDA:0,(anonymous_3)
DA:3,0
DA:4,0
DA:5,0
DA:6,0
DA:7,0
DA:23,0
DA:28,0
DA:50,0
DA:52,0
LF:9
LH:0
BRDA:37,0,0,0
BRDA:37,0,1,0
BRDA:38,1,0,0
BRDA:38,1,1,0
BRDA:52,2,0,0
BRDA:52,2,1,0
BRDA:60,3,0,0
BRDA:60,3,1,0
BRF:8
BRH:0
end_of_record
TN:
SF:src/components/explore/sharing/ConfirmDialog.tsx
FN:28,ConfirmDialog
FNF:1
FNH:0
FNDA:0,ConfirmDialog
DA:1,0
DA:2,0
DA:12,0
DA:28,0
DA:35,0
LF:5
LH:0
BRF:0
BRH:0
end_of_record
TN:
SF:src/components/explore/sharing/VisibilityToggle.tsx
FN:23,VisibilityToggle
FN:36,(anonymous_2)
FNF:2
FNH:0
FNDA:0,VisibilityToggle
FNDA:0,(anonymous_2)
DA:3,0
DA:4,0
DA:5,0
DA:6,0
DA:23,0
DA:29,0
DA:31,0
DA:36,0
LF:8
LH:0
BRDA:43,0,0,0
BRDA:43,0,1,0
BRF:2
BRH:0
end_of_record
TN:
SF:src/components/profile/AccountSettings.tsx
FN:47,AccountSettings
FN:72,(anonymous_11)
FN:73,(anonymous_12)
FN:89,(anonymous_13)
FN:98,(anonymous_14)
FN:105,(anonymous_15)
FN:107,(anonymous_16)
FN:108,(anonymous_17)
FN:109,(anonymous_18)
FN:111,(anonymous_19)
FN:115,(anonymous_20)
FN:126,(anonymous_21)
FN:141,(anonymous_22)
FN:168,(anonymous_23)
FN:171,(anonymous_24)
FN:184,(anonymous_25)
FN:201,(anonymous_26)
FN:218,(anonymous_27)
FN:220,(anonymous_28)
FN:221,(anonymous_29)
FN:225,(anonymous_30)
FN:229,(anonymous_31)
FN:234,(anonymous_32)
FN:255,(anonymous_33)
FN:258,(anonymous_34)
FN:263,(anonymous_35)
FN:267,(anonymous_36)
FN:270,(anonymous_37)
FN:335,(anonymous_38)
FN:359,(anonymous_39)
FN:360,(anonymous_40)
FN:377,(anonymous_41)
FN:391,(anonymous_42)
FN:430,(anonymous_43)
FN:439,(anonymous_44)
FN:452,(anonymous_45)
FN:472,(anonymous_46)
FN:503,(anonymous_47)
FN:546,(anonymous_48)
FN:566,(anonymous_49)
FN:596,(anonymous_50)
FN:604,(anonymous_51)
FNF:42
FNH:0
FNDA:0,AccountSettings
FNDA:0,(anonymous_11)
FNDA:0,(anonymous_12)
FNDA:0,(anonymous_13)
FNDA:0,(anonymous_14)
FNDA:0,(anonymous_15)
FNDA:0,(anonymous_16)
FNDA:0,(anonymous_17)
FNDA:0,(anonymous_18)
FNDA:0,(anonymous_19)
FNDA:0,(anonymous_20)
FNDA:0,(anonymous_21)
FNDA:0,(anonymous_22)
FNDA:0,(anonymous_23)
FNDA:0,(anonymous_24)
FNDA:0,(anonymous_25)
FNDA:0,(anonymous_26)
FNDA:0,(anonymous_27)
FNDA:0,(anonymous_28)
FNDA:0,(anonymous_29)
FNDA:0,(anonymous_30)
FNDA:0,(anonymous_31)
FNDA:0,(anonymous_32)
FNDA:0,(anonymous_33)
FNDA:0,(anonymous_34)
FNDA:0,(anonymous_35)
FNDA:0,(anonymous_36)
FNDA:0,(anonymous_37)
FNDA:0,(anonymous_38)
FNDA:0,(anonymous_39)
FNDA:0,(anonymous_40)
FNDA:0,(anonymous_41)
FNDA:0,(anonymous_42)
FNDA:0,(anonymous_43)
FNDA:0,(anonymous_44)
FNDA:0,(anonymous_45)
FNDA:0,(anonymous_46)
FNDA:0,(anonymous_47)
FNDA:0,(anonymous_48)
FNDA:0,(anonymous_49)
FNDA:0,(anonymous_50)
FNDA:0,(anonymous_51)
DA:10,0
DA:11,0
DA:12,0
DA:13,0
DA:14,0
DA:15,0
DA:26,0
DA:27,0
DA:28,0
DA:29,0
DA:30,0
DA:43,0
DA:45,0
DA:47,0
DA:48,0
DA:49,0
DA:50,0
DA:52,0
DA:53,0
DA:54,0
DA:55,0
DA:56,0
DA:57,0
DA:58,0
DA:59,0
DA:60,0
DA:61,0
DA:62,0
DA:63,0
DA:64,0
DA:65,0
DA:66,0
DA:68,0
DA:69,0
DA:72,0
DA:73,0
DA:74,0
DA:75,0
DA:76,0
DA:77,0
DA:78,0
DA:79,0
DA:80,0
DA:81,0
DA:89,0
DA:90,0
DA:91,0
DA:92,0
DA:93,0
DA:94,0
DA:98,0
DA:99,0
DA:100,0
DA:101,0
DA:102,0
DA:103,0
DA:105,0
DA:106,0
DA:107,0
DA:108,0
DA:109,0
DA:111,0
DA:115,0
DA:116,0
DA:117,0
DA:118,0
DA:120,0
DA:121,0
DA:122,0
DA:126,0
DA:127,0
DA:128,0
DA:129,0
DA:130,0
DA:132,0
DA:133,0
DA:134,0
DA:136,0
DA:137,0
DA:138,0
DA:141,0
DA:142,0
DA:143,0
DA:144,0
DA:145,0
DA:146,0
DA:149,0
DA:150,0
DA:151,0
DA:153,0
DA:154,0
DA:155,0
DA:158,0
DA:159,0
DA:160,0
DA:168,0
DA:169,0
DA:170,0
DA:171,0
DA:172,0
DA:174,0
DA:177,0
DA:179,0
DA:184,0
DA:185,0
DA:186,0
DA:187,0
DA:188,0
DA:190,0
DA:191,0
DA:192,0
DA:195,0
DA:196,0
DA:197,0
DA:201,0
DA:202,0
DA:203,0
DA:204,0
DA:205,0
DA:206,0
DA:208,0
DA:211,0
DA:213,0
DA:218,0
DA:219,0
DA:220,0
DA:221,0
DA:225,0
DA:226,0
DA:227,0
DA:228,0
DA:229,0
DA:231,0
DA:232,0
DA:233,0
DA:234,0
DA:235,0
DA:237,0
DA:240,0
DA:241,0
DA:242,0
DA:245,0
DA:247,0
DA:249,0
DA:250,0
DA:255,0
DA:256,0
DA:257,0
DA:258,0
DA:259,0
DA:260,0
DA:262,0
DA:263,0
DA:267,0
DA:268,0
DA:270,0
DA:272,0
DA:275,0
DA:335,0
DA:359,0
DA:360,0
DA:378,0
DA:379,0
DA:380,0
DA:391,0
DA:430,0
DA:440,0
DA:441,0
DA:452,0
DA:473,0
DA:474,0
DA:475,0
DA:477,0
DA:478,0
DA:482,0
DA:483,0
DA:484,0
DA:486,0
DA:504,0
DA:505,0
DA:546,0
DA:566,0
DA:597,0
DA:598,0
DA:601,0
DA:602,0
DA:603,0
DA:604,0
DA:605,0
DA:608,0
DA:611,0
DA:612,0
LF:192
LH:0
BRDA:55,0,0,0
BRDA:55,0,1,0
BRDA:56,1,0,0
BRDA:56,1,1,0
BRDA:68,2,0,0
BRDA:68,2,1,0
BRDA:68,2,2,0
BRDA:69,3,0,0
BRDA:69,3,1,0
BRDA:69,3,2,0
BRDA:76,4,0,0
BRDA:76,4,1,0
BRDA:99,5,0,0
BRDA:99,5,1,0
BRDA:101,6,0,0
BRDA:101,6,1,0
BRDA:101,7,0,0
BRDA:101,7,1,0
BRDA:116,8,0,0
BRDA:116,8,1,0
BRDA:116,9,0,0
BRDA:116,9,1,0
BRDA:118,10,0,0
BRDA:118,10,1,0
BRDA:128,11,0,0
BRDA:128,11,1,0
BRDA:132,12,0,0
BRDA:132,12,1,0
BRDA:136,13,0,0
BRDA:136,13,1,0
BRDA:143,14,0,0
BRDA:143,14,1,0
BRDA:149,15,0,0
BRDA:149,15,1,0
BRDA:153,16,0,0
BRDA:153,16,1,0
BRDA:169,17,0,0
BRDA:169,17,1,0
BRDA:171,18,0,0
BRDA:171,18,1,0
BRDA:174,19,0,0
BRDA:174,19,1,0
BRDA:186,20,0,0
BRDA:186,20,1,0
BRDA:190,21,0,0
BRDA:190,21,1,0
BRDA:202,22,0,0
BRDA:202,22,1,0
BRDA:208,23,0,0
BRDA:208,23,1,0
BRDA:219,24,0,0
BRDA:219,24,1,0
BRDA:231,25,0,0
BRDA:231,25,1,0
BRDA:232,26,0,0
BRDA:232,26,1,0
BRDA:240,27,0,0
BRDA:240,27,1,0
BRDA:241,28,0,0
BRDA:241,28,1,0
BRDA:245,29,0,0
BRDA:245,29,1,0
BRDA:257,30,0,0
BRDA:257,30,1,0
BRDA:287,31,0,0
BRDA:287,31,1,0
BRDA:287,32,0,0
BRDA:287,32,1,0
BRDA:287,32,2,0
BRDA:287,32,3,0
BRDA:304,33,0,0
BRDA:304,33,1,0
BRDA:304,34,0,0
BRDA:304,34,1,0
BRDA:304,34,2,0
BRDA:304,34,3,0
BRDA:304,34,4,0
BRDA:328,35,0,0
BRDA:328,35,1,0
BRDA:363,36,0,0
BRDA:363,36,1,0
BRDA:363,37,0,0
BRDA:363,37,1,0
BRDA:365,38,0,0
BRDA:365,38,1,0
BRDA:365,39,0,0
BRDA:365,39,1,0
BRDA:365,39,2,0
BRDA:365,39,3,0
BRDA:365,39,4,0
BRDA:367,40,0,0
BRDA:367,40,1,0
BRDA:372,41,0,0
BRDA:372,41,1,0
BRDA:398,42,0,0
BRDA:398,42,1,0
BRDA:398,42,2,0
BRDA:398,42,3,0
BRDA:398,42,4,0
BRDA:402,43,0,0
BRDA:402,43,1,0
BRDA:404,44,0,0
BRDA:404,44,1,0
BRDA:408,45,0,0
BRDA:408,45,1,0
BRDA:408,45,2,0
BRDA:411,46,0,0
BRDA:411,46,1,0
BRDA:411,46,2,0
BRDA:411,46,3,0
BRDA:411,46,4,0
BRDA:411,46,5,0
BRDA:411,46,6,0
BRDA:429,47,0,0
BRDA:429,47,1,0
BRDA:432,48,0,0
BRDA:432,48,1,0
BRDA:434,49,0,0
BRDA:434,49,1,0
BRDA:459,50,0,0
BRDA:459,50,1,0
BRDA:467,51,0,0
BRDA:467,51,1,0
BRDA:473,52,0,0
BRDA:473,52,1,0
BRDA:483,53,0,0
BRDA:483,53,1,0
BRDA:484,54,0,0
BRDA:484,54,1,0
BRDA:504,55,0,0
BRDA:504,55,1,0
BRDA:505,56,0,0
BRDA:505,56,1,0
BRDA:507,57,0,0
BRDA:507,57,1,0
BRDA:510,58,0,0
BRDA:510,58,1,0
BRDA:510,59,0,0
BRDA:510,59,1,0
BRDA:541,60,0,0
BRDA:541,60,1,0
BRDA:541,60,2,0
BRDA:541,60,3,0
BRDA:541,60,4,0
BRDA:543,61,0,0
BRDA:543,61,1,0
BRDA:564,62,0,0
BRDA:564,62,1,0
BRDA:582,63,0,0
BRDA:582,63,1,0
BRDA:582,63,2,0
BRDA:602,64,0,0
BRDA:602,64,1,0
BRDA:602,65,0,0
BRDA:602,65,1,0
BRDA:608,66,0,0
BRDA:608,66,1,0
BRF:157
BRH:0
end_of_record
TN:
SF:src/components/profile/ActiveUsers.tsx
FN:59,ActiveUsers
FN:67,(anonymous_10)
FN:88,(anonymous_11)
FN:92,(anonymous_12)
FN:99,(anonymous_13)
FN:154,(anonymous_14)
FN:158,(anonymous_15)
FN:225,(anonymous_16)
FN:226,(anonymous_17)
FN:238,(anonymous_18)
FNF:10
FNH:0
FNDA:0,ActiveUsers
FNDA:0,(anonymous_10)
FNDA:0,(anonymous_11)
FNDA:0,(anonymous_12)
FNDA:0,(anonymous_13)
FNDA:0,(anonymous_14)
FNDA:0,(anonymous_15)
FNDA:0,(anonymous_16)
FNDA:0,(anonymous_17)
FNDA:0,(anonymous_18)
DA:7,0
DA:8,0
DA:9,0
DA:10,0
DA:23,0
DA:24,0
DA:32,0
DA:33,0
DA:34,0
DA:35,0
DA:36,0
DA:37,0
DA:39,0
DA:59,0
DA:60,0
DA:61,0
DA:62,0
DA:63,0
DA:64,0
DA:65,0
DA:67,0
DA:68,0
DA:69,0
DA:70,0
DA:71,0
DA:72,0
DA:73,0
DA:74,0
DA:76,0
DA:78,0
DA:79,0
DA:81,0
DA:82,0
DA:84,0
DA:88,0
DA:89,0
DA:92,0
DA:93,0
DA:94,0
DA:96,0
DA:99,0
DA:101,0
DA:102,0
DA:104,0
DA:107,0
DA:155,0
DA:158,0
DA:225,0
DA:226,0
DA:238,0
LF:50
LH:0
BRDA:72,0,0,0
BRDA:72,0,1,0
BRDA:73,1,0,0
BRDA:73,1,1,0
BRDA:79,2,0,0
BRDA:79,2,1,0
BRDA:82,3,0,0
BRDA:82,3,1,0
BRDA:93,4,0,0
BRDA:93,4,1,0
BRDA:93,5,0,0
BRDA:93,5,1,0
BRDA:93,5,2,0
BRDA:93,5,3,0
BRDA:101,6,0,0
BRDA:101,6,1,0
BRDA:101,7,0,0
BRDA:101,7,1,0
BRDA:101,7,2,0
BRDA:101,7,3,0
BRDA:123,8,0,0
BRDA:123,8,1,0
BRDA:128,9,0,0
BRDA:128,9,1,0
BRDA:133,10,0,0
BRDA:133,10,1,0
BRDA:174,11,0,0
BRDA:174,11,1,0
BRDA:179,12,0,0
BRDA:179,12,1,0
BRDA:180,13,0,0
BRDA:180,13,1,0
BRDA:198,14,0,0
BRDA:198,14,1,0
BRDA:224,15,0,0
BRDA:224,15,1,0
BRDA:232,16,0,0
BRDA:232,16,1,0
BRDA:233,17,0,0
BRDA:233,17,1,0
BRF:40
BRH:0
end_of_record
TN:
SF:src/components/profile/AdminModeration.tsx
FN:61,AdminModeration
FN:71,(anonymous_10)
FN:75,(anonymous_11)
FN:91,(anonymous_12)
FN:103,(anonymous_13)
FN:120,(anonymous_14)
FN:137,(anonymous_15)
FN:159,(anonymous_16)
FN:181,(anonymous_17)
FN:194,(anonymous_18)
FN:232,(anonymous_19)
FN:284,(anonymous_20)
FN:308,(anonymous_21)
FN:319,(anonymous_22)
FN:333,(anonymous_23)
FN:350,(anonymous_24)
FN:365,(anonymous_25)
FN:387,(anonymous_26)
FN:420,(anonymous_27)
FN:431,(anonymous_28)
FN:447,(anonymous_29)
FN:466,(anonymous_30)
FN:481,(anonymous_31)
FN:587,(anonymous_32)
FN:601,(anonymous_33)
FN:643,(anonymous_34)
FN:656,(anonymous_35)
FN:672,(anonymous_36)
FN:687,(anonymous_37)
FNF:29
FNH:0
FNDA:0,AdminModeration
FNDA:0,(anonymous_10)
FNDA:0,(anonymous_11)
FNDA:0,(anonymous_12)
FNDA:0,(anonymous_13)
FNDA:0,(anonymous_14)
FNDA:0,(anonymous_15)
FNDA:0,(anonymous_16)
FNDA:0,(anonymous_17)
FNDA:0,(anonymous_18)
FNDA:0,(anonymous_19)
FNDA:0,(anonymous_20)
FNDA:0,(anonymous_21)
FNDA:0,(anonymous_22)
FNDA:0,(anonymous_23)
FNDA:0,(anonymous_24)
FNDA:0,(anonymous_25)
FNDA:0,(anonymous_26)
FNDA:0,(anonymous_27)
FNDA:0,(anonymous_28)
FNDA:0,(anonymous_29)
FNDA:0,(anonymous_30)
FNDA:0,(anonymous_31)
FNDA:0,(anonymous_32)
FNDA:0,(anonymous_33)
FNDA:0,(anonymous_34)
FNDA:0,(anonymous_35)
FNDA:0,(anonymous_36)
FNDA:0,(anonymous_37)
DA:5,0
DA:6,0
DA:7,0
DA:8,0
DA:16,0
DA:23,0
DA:24,0
DA:25,0
DA:32,0
DA:47,0
DA:48,0
DA:49,0
DA:61,0
DA:62,0
DA:63,0
DA:64,0
DA:65,0
DA:66,0
DA:67,0
DA:68,0
DA:69,0
DA:71,0
DA:72,0
DA:75,0
DA:76,0
DA:77,0
DA:78,0
DA:79,0
DA:80,0
DA:81,0
DA:83,0
DA:84,0
DA:85,0
DA:87,0
DA:91,0
DA:92,0
DA:93,0
DA:95,0
DA:96,0
DA:97,0
DA:99,0
DA:103,0
DA:104,0
DA:105,0
DA:106,0
DA:107,0
DA:108,0
DA:109,0
DA:110,0
DA:113,0
DA:114,0
DA:116,0
DA:120,0
DA:121,0
DA:122,0
DA:123,0
DA:124,0
DA:125,0
DA:126,0
DA:127,0
DA:130,0
DA:131,0
DA:133,0
DA:137,0
DA:138,0
DA:139,0
DA:141,0
DA:142,0
DA:143,0
DA:144,0
DA:145,0
DA:146,0
DA:148,0
DA:149,0
DA:152,0
DA:153,0
DA:155,0
DA:159,0
DA:160,0
DA:161,0
DA:163,0
DA:164,0
DA:165,0
DA:166,0
DA:167,0
DA:168,0
DA:170,0
DA:171,0
DA:174,0
DA:175,0
DA:177,0
DA:181,0
DA:182,0
DA:184,0
DA:186,0
DA:188,0
DA:190,0
DA:194,0
DA:195,0
DA:202,0
DA:203,0
DA:210,0
DA:232,0
DA:285,0
DA:308,0
DA:319,0
DA:333,0
DA:350,0
DA:365,0
DA:388,0
DA:420,0
DA:431,0
DA:447,0
DA:466,0
DA:481,0
DA:588,0
DA:602,0
DA:643,0
DA:656,0
DA:672,0
DA:687,0
LF:121
LH:0
BRDA:79,0,0,0
BRDA:79,0,1,0
BRDA:81,1,0,0
BRDA:81,1,1,0
BRDA:84,2,0,0
BRDA:84,2,1,0
BRDA:85,3,0,0
BRDA:85,3,1,0
BRDA:109,4,0,0
BRDA:109,4,1,0
BRDA:114,5,0,0
BRDA:114,5,1,0
BRDA:126,6,0,0
BRDA:126,6,1,0
BRDA:131,7,0,0
BRDA:131,7,1,0
BRDA:138,8,0,0
BRDA:138,8,1,0
BRDA:146,9,0,0
BRDA:146,9,1,0
BRDA:153,10,0,0
BRDA:153,10,1,0
BRDA:160,11,0,0
BRDA:160,11,1,0
BRDA:168,12,0,0
BRDA:168,12,1,0
BRDA:175,13,0,0
BRDA:175,13,1,0
BRDA:182,14,0,0
BRDA:182,14,1,0
BRDA:182,14,2,0
BRDA:182,14,3,0
BRDA:197,15,0,0
BRDA:197,15,1,0
BRDA:202,16,0,0
BRDA:202,16,1,0
BRDA:202,17,0,0
BRDA:202,17,1,0
BRDA:220,18,0,0
BRDA:220,18,1,0
BRDA:250,19,0,0
BRDA:250,19,1,0
BRDA:257,20,0,0
BRDA:257,20,1,0
BRDA:262,21,0,0
BRDA:262,21,1,0
BRDA:297,22,0,0
BRDA:297,22,1,0
BRDA:314,23,0,0
BRDA:314,23,1,0
BRDA:324,24,0,0
BRDA:324,24,1,0
BRDA:338,25,0,0
BRDA:338,25,1,0
BRDA:346,26,0,0
BRDA:346,26,1,0
BRDA:355,27,0,0
BRDA:355,27,1,0
BRDA:370,28,0,0
BRDA:370,28,1,0
BRDA:401,29,0,0
BRDA:401,29,1,0
BRDA:426,30,0,0
BRDA:426,30,1,0
BRDA:435,31,0,0
BRDA:435,31,1,0
BRDA:451,32,0,0
BRDA:451,32,1,0
BRDA:462,33,0,0
BRDA:462,33,1,0
BRDA:471,34,0,0
BRDA:471,34,1,0
BRDA:486,35,0,0
BRDA:486,35,1,0
BRDA:510,36,0,0
BRDA:510,36,1,0
BRDA:524,37,0,0
BRDA:524,37,1,0
BRDA:535,38,0,0
BRDA:535,38,1,0
BRDA:564,39,0,0
BRDA:564,39,1,0
BRDA:580,40,0,0
BRDA:580,40,1,0
BRDA:583,41,0,0
BRDA:583,41,1,0
BRDA:583,41,2,0
BRDA:597,42,0,0
BRDA:597,42,1,0
BRDA:597,42,2,0
BRDA:611,43,0,0
BRDA:611,43,1,0
BRDA:614,44,0,0
BRDA:614,44,1,0
BRDA:602,45,0,0
BRDA:602,45,1,0
BRDA:640,46,0,0
BRDA:640,46,1,0
BRDA:648,47,0,0
BRDA:648,47,1,0
BRDA:661,48,0,0
BRDA:661,48,1,0
BRDA:670,49,0,0
BRDA:670,49,1,0
BRDA:678,50,0,0
BRDA:678,50,1,0
BRDA:693,51,0,0
BRDA:693,51,1,0
BRF:108
BRH:0
end_of_record
TN:
SF:src/components/profile/AllPublicPlaylists.tsx
FN:26,AllPublicPlaylists
FN:33,(anonymous_10)
FN:37,(anonymous_11)
FN:62,(anonymous_12)
FN:72,(anonymous_13)
FN:104,(anonymous_14)
FN:142,(anonymous_15)
FNF:7
FNH:0
FNDA:0,AllPublicPlaylists
FNDA:0,(anonymous_10)
FNDA:0,(anonymous_11)
FNDA:0,(anonymous_12)
FNDA:0,(anonymous_13)
FNDA:0,(anonymous_14)
FNDA:0,(anonymous_15)
DA:4,0
DA:5,0
DA:6,0
DA:7,0
DA:9,0
DA:18,0
DA:19,0
DA:20,0
DA:21,0
DA:22,0
DA:24,0
DA:26,0
DA:27,0
DA:28,0
DA:29,0
DA:30,0
DA:31,0
DA:33,0
DA:34,0
DA:37,0
DA:38,0
DA:39,0
DA:40,0
DA:41,0
DA:44,0
DA:46,0
DA:47,0
DA:49,0
DA:51,0
DA:54,0
DA:55,0
DA:56,0
DA:58,0
DA:62,0
DA:63,0
DA:64,0
DA:65,0
DA:72,0
DA:73,0
DA:77,0
DA:84,0
DA:104,0
DA:143,0
LF:43
LH:0
BRDA:44,0,0,0
BRDA:44,0,1,0
BRDA:44,1,0,0
BRDA:44,1,1,0
BRDA:44,1,2,0
BRDA:47,2,0,0
BRDA:47,2,1,0
BRDA:55,3,0,0
BRDA:55,3,1,0
BRDA:56,4,0,0
BRDA:56,4,1,0
BRDA:63,5,0,0
BRDA:63,5,1,0
BRDA:66,6,0,0
BRDA:66,6,1,0
BRDA:66,6,2,0
BRDA:78,7,0,0
BRDA:78,7,1,0
BRDA:79,8,0,0
BRDA:79,8,1,0
BRDA:114,9,0,0
BRDA:114,9,1,0
BRDA:122,10,0,0
BRDA:122,10,1,0
BRDA:127,11,0,0
BRDA:127,11,1,0
BRDA:132,12,0,0
BRDA:132,12,1,0
BRDA:136,13,0,0
BRDA:136,13,1,0
BRDA:153,14,0,0
BRDA:153,14,1,0
BRDA:159,15,0,0
BRDA:159,15,1,0
BRDA:168,16,0,0
BRDA:168,16,1,0
BRF:36
BRH:0
end_of_record
TN:
SF:src/components/profile/FlaggedPlaylists.tsx
FN:44,FlaggedPlaylists
FN:52,(anonymous_10)
FN:56,(anonymous_11)
FN:71,(anonymous_12)
FN:82,(anonymous_13)
FN:95,(anonymous_14)
FN:162,(anonymous_15)
FN:180,(anonymous_16)
FN:199,(anonymous_17)
FN:298,(anonymous_18)
FN:312,(anonymous_19)
FNF:11
FNH:0
FNDA:0,FlaggedPlaylists
FNDA:0,(anonymous_10)
FNDA:0,(anonymous_11)
FNDA:0,(anonymous_12)
FNDA:0,(anonymous_13)
FNDA:0,(anonymous_14)
FNDA:0,(anonymous_15)
FNDA:0,(anonymous_16)
FNDA:0,(anonymous_17)
FNDA:0,(anonymous_18)
FNDA:0,(anonymous_19)
DA:4,0
DA:5,0
DA:6,0
DA:7,0
DA:8,0
DA:16,0
DA:23,0
DA:24,0
DA:35,0
DA:36,0
DA:37,0
DA:42,0
DA:44,0
DA:45,0
DA:46,0
DA:47,0
DA:48,0
DA:49,0
DA:50,0
DA:52,0
DA:53,0
DA:56,0
DA:57,0
DA:58,0
DA:59,0
DA:60,0
DA:61,0
DA:63,0
DA:64,0
DA:65,0
DA:67,0
DA:71,0
DA:72,0
DA:73,0
DA:74,0
DA:75,0
DA:76,0
DA:78,0
DA:82,0
DA:83,0
DA:85,0
DA:87,0
DA:89,0
DA:91,0
DA:95,0
DA:96,0
DA:103,0
DA:163,0
DA:181,0
DA:199,0
DA:299,0
DA:313,0
LF:52
LH:0
BRDA:61,0,0,0
BRDA:61,0,1,0
BRDA:64,1,0,0
BRDA:64,1,1,0
BRDA:65,2,0,0
BRDA:65,2,1,0
BRDA:83,3,0,0
BRDA:83,3,1,0
BRDA:83,3,2,0
BRDA:83,3,3,0
BRDA:98,4,0,0
BRDA:98,4,1,0
BRDA:123,5,0,0
BRDA:123,5,1,0
BRDA:130,6,0,0
BRDA:130,6,1,0
BRDA:135,7,0,0
BRDA:135,7,1,0
BRDA:140,8,0,0
BRDA:140,8,1,0
BRDA:175,9,0,0
BRDA:175,9,1,0
BRDA:185,10,0,0
BRDA:185,10,1,0
BRDA:185,10,2,0
BRDA:224,11,0,0
BRDA:224,11,1,0
BRDA:238,12,0,0
BRDA:238,12,1,0
BRDA:249,13,0,0
BRDA:249,13,1,0
BRDA:291,14,0,0
BRDA:291,14,1,0
BRDA:294,15,0,0
BRDA:294,15,1,0
BRDA:294,15,2,0
BRDA:308,16,0,0
BRDA:308,16,1,0
BRDA:308,16,2,0
BRDA:322,17,0,0
BRDA:322,17,1,0
BRDA:325,18,0,0
BRDA:325,18,1,0
BRDA:313,19,0,0
BRDA:313,19,1,0
BRF:45
BRH:0
end_of_record
TN:
SF:src/components/profile/MasterAdminPanel.tsx
FN:15,MasterAdminPanel
FN:27,(anonymous_10)
FN:67,(anonymous_11)
FN:128,(anonymous_12)
FN:144,(anonymous_13)
FN:160,(anonymous_14)
FN:177,(anonymous_15)
FNF:7
FNH:0
FNDA:0,MasterAdminPanel
FNDA:0,(anonymous_10)
FNDA:0,(anonymous_11)
FNDA:0,(anonymous_12)
FNDA:0,(anonymous_13)
FNDA:0,(anonymous_14)
FNDA:0,(anonymous_15)
DA:2,0
DA:3,0
DA:4,0
DA:5,0
DA:6,0
DA:7,0
DA:8,0
DA:9,0
DA:10,0
DA:11,0
DA:13,0
DA:15,0
DA:16,0
DA:17,0
DA:19,0
DA:20,0
DA:21,0
DA:22,0
DA:23,0
DA:24,0
DA:25,0
DA:27,0
DA:28,0
DA:30,0
DA:31,0
DA:32,0
DA:35,0
DA:36,0
DA:37,0
DA:40,0
DA:41,0
DA:42,0
DA:45,0
DA:46,0
DA:47,0
DA:56,0
DA:58,0
DA:59,0
DA:60,0
DA:61,0
DA:63,0
DA:64,0
DA:65,0
DA:66,0
DA:67,0
DA:68,0
DA:69,0
DA:72,0
DA:75,0
DA:76,0
DA:78,0
DA:82,0
DA:128,0
DA:144,0
DA:160,0
DA:177,0
LF:56
LH:0
BRDA:30,0,0,0
BRDA:30,0,1,0
BRDA:30,1,0,0
BRDA:30,1,1,0
BRDA:30,1,2,0
BRDA:35,2,0,0
BRDA:35,2,1,0
BRDA:40,3,0,0
BRDA:40,3,1,0
BRDA:58,4,0,0
BRDA:58,4,1,0
BRDA:58,5,0,0
BRDA:58,5,1,0
BRDA:72,6,0,0
BRDA:72,6,1,0
BRDA:100,7,0,0
BRDA:100,7,1,0
BRDA:100,7,2,0
BRDA:191,8,0,0
BRDA:191,8,1,0
BRF:20
BRH:0
end_of_record
TN:
SF:src/components/profile/MyHistory.tsx
FN:37,MyHistory
FN:47,(anonymous_10)
FN:51,(anonymous_11)
FN:65,(anonymous_12)
FN:81,(anonymous_13)
FN:90,(anonymous_14)
FN:94,(anonymous_15)
FN:103,(anonymous_16)
FN:107,(anonymous_17)
FN:117,(anonymous_18)
FN:128,(anonymous_19)
FN:133,(anonymous_20)
FN:137,(anonymous_21)
FN:143,(anonymous_22)
FN:143,(anonymous_23)
FN:150,(anonymous_24)
FN:153,(anonymous_25)
FN:232,(anonymous_26)
FN:279,(anonymous_27)
FN:297,(anonymous_28)
FN:306,(anonymous_29)
FN:316,(anonymous_30)
FN:327,(anonymous_31)
FN:345,(anonymous_32)
FN:378,(anonymous_33)
FN:397,(anonymous_34)
FN:407,(anonymous_35)
FN:417,(anonymous_36)
FN:428,(anonymous_37)
FN:499,(anonymous_38)
FNF:30
FNH:0
FNDA:0,MyHistory
FNDA:0,(anonymous_10)
FNDA:0,(anonymous_11)
FNDA:0,(anonymous_12)
FNDA:0,(anonymous_13)
FNDA:0,(anonymous_14)
FNDA:0,(anonymous_15)
FNDA:0,(anonymous_16)
FNDA:0,(anonymous_17)
FNDA:0,(anonymous_18)
FNDA:0,(anonymous_19)
FNDA:0,(anonymous_20)
FNDA:0,(anonymous_21)
FNDA:0,(anonymous_22)
FNDA:0,(anonymous_23)
FNDA:0,(anonymous_24)
FNDA:0,(anonymous_25)
FNDA:0,(anonymous_26)
FNDA:0,(anonymous_27)
FNDA:0,(anonymous_28)
FNDA:0,(anonymous_29)
FNDA:0,(anonymous_30)
FNDA:0,(anonymous_31)
FNDA:0,(anonymous_32)
FNDA:0,(anonymous_33)
FNDA:0,(anonymous_34)
FNDA:0,(anonymous_35)
FNDA:0,(anonymous_36)
FNDA:0,(anonymous_37)
FNDA:0,(anonymous_38)
DA:1,0
DA:2,0
DA:3,0
DA:4,0
DA:15,0
DA:16,0
DA:24,0
DA:31,0
DA:32,0
DA:33,0
DA:34,0
DA:37,0
DA:38,0
DA:39,0
DA:40,0
DA:41,0
DA:42,0
DA:43,0
DA:44,0
DA:45,0
DA:47,0
DA:48,0
DA:51,0
DA:52,0
DA:53,0
DA:54,0
DA:55,0
DA:56,0
DA:58,0
DA:59,0
DA:61,0
DA:65,0
DA:66,0
DA:67,0
DA:68,0
DA:70,0
DA:71,0
DA:72,0
DA:74,0
DA:75,0
DA:77,0
DA:81,0
DA:82,0
DA:83,0
DA:84,0
DA:85,0
DA:87,0
DA:88,0
DA:89,0
DA:90,0
DA:94,0
DA:95,0
DA:96,0
DA:97,0
DA:98,0
DA:100,0
DA:101,0
DA:102,0
DA:103,0
DA:107,0
DA:108,0
DA:109,0
DA:110,0
DA:111,0
DA:112,0
DA:114,0
DA:117,0
DA:118,0
DA:119,0
DA:128,0
DA:129,0
DA:130,0
DA:133,0
DA:134,0
DA:137,0
DA:139,0
DA:140,0
DA:143,0
DA:146,0
DA:148,0
DA:149,0
DA:150,0
DA:153,0
DA:154,0
DA:155,0
DA:156,0
DA:161,0
DA:233,0
DA:279,0
DA:297,0
DA:306,0
DA:316,0
DA:327,0
DA:346,0
DA:378,0
DA:397,0
DA:407,0
DA:417,0
DA:428,0
DA:500,0
LF:100
LH:0
BRDA:88,0,0,0
BRDA:88,0,1,0
BRDA:101,1,0,0
BRDA:101,1,1,0
BRDA:109,2,0,0
BRDA:109,2,1,0
BRDA:111,3,0,0
BRDA:111,3,1,0
BRDA:129,4,0,0
BRDA:129,4,1,0
BRDA:143,5,0,0
BRDA:143,5,1,0
BRDA:149,6,0,0
BRDA:149,6,1,0
BRDA:186,7,0,0
BRDA:186,7,1,0
BRDA:194,8,0,0
BRDA:194,8,1,0
BRDA:194,8,2,0
BRDA:205,9,0,0
BRDA:205,9,1,0
BRDA:205,9,2,0
BRDA:205,9,3,0
BRDA:216,10,0,0
BRDA:216,10,1,0
BRDA:216,10,2,0
BRDA:216,10,3,0
BRDA:245,11,0,0
BRDA:245,11,1,0
BRDA:267,12,0,0
BRDA:267,12,1,0
BRDA:278,13,0,0
BRDA:278,13,1,0
BRDA:281,14,0,0
BRDA:281,14,1,0
BRDA:284,15,0,0
BRDA:284,15,1,0
BRDA:286,16,0,0
BRDA:286,16,1,0
BRDA:322,17,0,0
BRDA:322,17,1,0
BRDA:343,18,0,0
BRDA:343,18,1,0
BRDA:343,18,2,0
BRDA:343,18,3,0
BRDA:365,19,0,0
BRDA:365,19,1,0
BRDA:377,20,0,0
BRDA:377,20,1,0
BRDA:380,21,0,0
BRDA:380,21,1,0
BRDA:383,22,0,0
BRDA:383,22,1,0
BRDA:385,23,0,0
BRDA:385,23,1,0
BRDA:423,24,0,0
BRDA:423,24,1,0
BRDA:448,25,0,0
BRDA:448,25,1,0
BRDA:451,26,0,0
BRDA:451,26,1,0
BRDA:473,27,0,0
BRDA:473,27,1,0
BRDA:487,28,0,0
BRDA:487,28,1,0
BRDA:492,29,0,0
BRDA:492,29,1,0
BRDA:515,30,0,0
BRDA:515,30,1,0
BRF:69
BRH:0
end_of_record
TN:
SF:src/components/profile/MySharing.tsx
FN:39,MySharing
FN:48,(anonymous_10)
FN:52,(anonymous_11)
FN:62,(anonymous_12)
FN:82,(anonymous_13)
FN:98,(anonymous_14)
FN:107,(anonymous_15)
FN:111,(anonymous_16)
FN:120,(anonymous_17)
FN:124,(anonymous_18)
FN:129,(anonymous_19)
FN:139,(anonymous_20)
FN:143,(anonymous_21)
FN:147,(anonymous_22)
FN:157,(anonymous_23)
FN:168,(anonymous_24)
FN:243,(anonymous_25)
FN:314,(anonymous_26)
FN:323,(anonymous_27)
FN:333,(anonymous_28)
FN:343,(anonymous_29)
FN:354,(anonymous_30)
FN:372,(anonymous_31)
FN:431,(anonymous_32)
FN:441,(anonymous_33)
FN:451,(anonymous_34)
FN:461,(anonymous_35)
FN:472,(anonymous_36)
FN:543,(anonymous_37)
FNF:29
FNH:0
FNDA:0,MySharing
FNDA:0,(anonymous_10)
FNDA:0,(anonymous_11)
FNDA:0,(anonymous_12)
FNDA:0,(anonymous_13)
FNDA:0,(anonymous_14)
FNDA:0,(anonymous_15)
FNDA:0,(anonymous_16)
FNDA:0,(anonymous_17)
FNDA:0,(anonymous_18)
FNDA:0,(anonymous_19)
FNDA:0,(anonymous_20)
FNDA:0,(anonymous_21)
FNDA:0,(anonymous_22)
FNDA:0,(anonymous_23)
FNDA:0,(anonymous_24)
FNDA:0,(anonymous_25)
FNDA:0,(anonymous_26)
FNDA:0,(anonymous_27)
FNDA:0,(anonymous_28)
FNDA:0,(anonymous_29)
FNDA:0,(anonymous_30)
FNDA:0,(anonymous_31)
FNDA:0,(anonymous_32)
FNDA:0,(anonymous_33)
FNDA:0,(anonymous_34)
FNDA:0,(anonymous_35)
FNDA:0,(anonymous_36)
FNDA:0,(anonymous_37)
DA:1,0
DA:2,0
DA:3,0
DA:4,0
DA:18,0
DA:19,0
DA:27,0
DA:34,0
DA:35,0
DA:36,0
DA:39,0
DA:40,0
DA:41,0
DA:42,0
DA:43,0
DA:44,0
DA:45,0
DA:46,0
DA:48,0
DA:49,0
DA:52,0
DA:53,0
DA:54,0
DA:55,0
DA:56,0
DA:57,0
DA:58,0
DA:61,0
DA:64,0
DA:65,0
DA:66,0
DA:70,0
DA:71,0
DA:73,0
DA:75,0
DA:76,0
DA:78,0
DA:82,0
DA:83,0
DA:84,0
DA:85,0
DA:87,0
DA:88,0
DA:89,0
DA:91,0
DA:92,0
DA:94,0
DA:98,0
DA:99,0
DA:100,0
DA:101,0
DA:102,0
DA:104,0
DA:105,0
DA:106,0
DA:107,0
DA:111,0
DA:112,0
DA:113,0
DA:114,0
DA:115,0
DA:117,0
DA:118,0
DA:119,0
DA:120,0
DA:124,0
DA:125,0
DA:126,0
DA:127,0
DA:128,0
DA:129,0
DA:130,0
DA:132,0
DA:134,0
DA:135,0
DA:136,0
DA:137,0
DA:138,0
DA:139,0
DA:141,0
DA:142,0
DA:143,0
DA:147,0
DA:148,0
DA:149,0
DA:150,0
DA:151,0
DA:152,0
DA:154,0
DA:157,0
DA:158,0
DA:159,0
DA:168,0
DA:169,0
DA:170,0
DA:173,0
DA:244,0
DA:314,0
DA:323,0
DA:333,0
DA:343,0
DA:354,0
DA:373,0
DA:431,0
DA:441,0
DA:451,0
DA:461,0
DA:472,0
DA:544,0
LF:109
LH:0
BRDA:61,0,0,0
BRDA:61,0,1,0
BRDA:105,1,0,0
BRDA:105,1,1,0
BRDA:118,2,0,0
BRDA:118,2,1,0
BRDA:127,3,0,0
BRDA:127,3,1,0
BRDA:149,4,0,0
BRDA:149,4,1,0
BRDA:151,5,0,0
BRDA:151,5,1,0
BRDA:169,6,0,0
BRDA:169,6,1,0
BRDA:198,7,0,0
BRDA:198,7,1,0
BRDA:206,8,0,0
BRDA:206,8,1,0
BRDA:206,8,2,0
BRDA:217,9,0,0
BRDA:217,9,1,0
BRDA:217,9,2,0
BRDA:217,9,3,0
BRDA:228,10,0,0
BRDA:228,10,1,0
BRDA:228,10,2,0
BRDA:228,10,3,0
BRDA:256,11,0,0
BRDA:256,11,1,0
BRDA:262,12,0,0
BRDA:262,12,1,0
BRDA:268,13,0,0
BRDA:268,13,1,0
BRDA:268,13,2,0
BRDA:275,14,0,0
BRDA:275,14,1,0
BRDA:281,15,0,0
BRDA:281,15,1,0
BRDA:300,16,0,0
BRDA:300,16,1,0
BRDA:349,17,0,0
BRDA:349,17,1,0
BRDA:370,18,0,0
BRDA:370,18,1,0
BRDA:370,18,2,0
BRDA:370,18,3,0
BRDA:388,19,0,0
BRDA:388,19,1,0
BRDA:394,20,0,0
BRDA:394,20,1,0
BRDA:400,21,0,0
BRDA:400,21,1,0
BRDA:400,21,2,0
BRDA:407,22,0,0
BRDA:407,22,1,0
BRDA:413,23,0,0
BRDA:413,23,1,0
BRDA:467,24,0,0
BRDA:467,24,1,0
BRDA:492,25,0,0
BRDA:492,25,1,0
BRDA:495,26,0,0
BRDA:495,26,1,0
BRDA:517,27,0,0
BRDA:517,27,1,0
BRDA:531,28,0,0
BRDA:531,28,1,0
BRDA:536,29,0,0
BRDA:536,29,1,0
BRDA:559,30,0,0
BRDA:559,30,1,0
BRF:71
BRH:0
end_of_record
TN:
SF:src/components/profile/PasswordSection.tsx
FN:26,PasswordSection
FN:50,evaluatePasswordStrength
FN:72,(anonymous_11)
FN:100,(anonymous_12)
FN:108,(anonymous_13)
FN:121,(anonymous_14)
FN:132,(anonymous_15)
FN:176,(anonymous_16)
FN:184,(anonymous_17)
FNF:9
FNH:0
FNDA:0,PasswordSection
FNDA:0,evaluatePasswordStrength
FNDA:0,(anonymous_11)
FNDA:0,(anonymous_12)
FNDA:0,(anonymous_13)
FNDA:0,(anonymous_14)
FNDA:0,(anonymous_15)
FNDA:0,(anonymous_16)
FNDA:0,(anonymous_17)
DA:7,0
DA:8,0
DA:9,0
DA:10,0
DA:11,0
DA:12,0
DA:26,0
DA:30,0
DA:33,0
DA:34,0
DA:35,0
DA:38,0
DA:39,0
DA:40,0
DA:43,0
DA:51,0
DA:52,0
DA:53,0
DA:54,0
DA:55,0
DA:57,0
DA:58,0
DA:59,0
DA:60,0
DA:61,0
DA:63,0
DA:64,0
DA:65,0
DA:68,0
DA:72,0
DA:73,0
DA:74,0
DA:75,0
DA:78,0
DA:79,0
DA:80,0
DA:83,0
DA:86,0
DA:100,0
DA:108,0
DA:122,0
DA:123,0
DA:132,0
DA:176,0
DA:184,0
LF:45
LH:0
BRDA:28,0,0,0
BRDA:52,1,0,0
BRDA:52,1,1,0
BRDA:53,2,0,0
BRDA:53,2,1,0
BRDA:54,3,0,0
BRDA:54,3,1,0
BRDA:55,4,0,0
BRDA:55,4,1,0
BRDA:59,5,0,0
BRDA:59,5,1,0
BRDA:63,6,0,0
BRDA:63,6,1,0
BRDA:73,7,0,0
BRDA:73,7,1,0
BRDA:73,8,0,0
BRDA:73,8,1,0
BRDA:78,9,0,0
BRDA:78,9,1,0
BRDA:97,10,0,0
BRDA:97,10,1,0
BRDA:110,11,0,0
BRDA:110,11,1,0
BRDA:118,12,0,0
BRDA:118,12,1,0
BRDA:123,13,0,0
BRDA:123,13,1,0
BRDA:134,14,0,0
BRDA:134,14,1,0
BRDA:139,15,0,0
BRDA:139,15,1,0
BRDA:139,15,2,0
BRDA:144,16,0,0
BRDA:144,16,1,0
BRDA:146,17,0,0
BRDA:146,17,1,0
BRDA:157,18,0,0
BRDA:157,18,1,0
BRDA:159,19,0,0
BRDA:159,19,1,0
BRDA:173,20,0,0
BRDA:173,20,1,0
BRDA:186,21,0,0
BRDA:186,21,1,0
BRF:44
BRH:0
end_of_record
TN:
SF:src/components/profile/ProfileQuote.tsx
FN:7,ProfileQuote
FNF:1
FNH:0
FNDA:0,ProfileQuote
DA:1,0
DA:2,0
DA:7,0
DA:8,0
LF:4
LH:0
BRF:0
BRH:0
end_of_record
TN:
SF:src/components/profile/ProfileTabs.tsx
FN:12,ProfileTabs
FN:36,(anonymous_2)
FN:44,(anonymous_3)
FN:75,(anonymous_4)
FN:83,(anonymous_5)
FNF:5
FNH:0
FNDA:0,ProfileTabs
FNDA:0,(anonymous_2)
FNDA:0,(anonymous_3)
FNDA:0,(anonymous_4)
FNDA:0,(anonymous_5)
DA:1,0
DA:2,0
DA:3,0
DA:4,0
DA:12,0
DA:13,0
DA:14,0
DA:20,0
DA:33,0
DA:34,0
DA:37,0
DA:38,0
DA:44,0
DA:72,0
DA:76,0
DA:77,0
DA:83,0
LF:17
LH:0
BRDA:12,0,0,0
BRDA:14,1,0,0
BRDA:14,1,1,0
BRDA:14,1,2,0
BRDA:14,1,3,0
BRDA:20,2,0,0
BRDA:20,2,1,0
BRDA:33,3,0,0
BRDA:33,3,1,0
BRDA:46,4,0,0
BRDA:46,4,1,0
BRDA:51,5,0,0
BRDA:51,5,1,0
BRDA:85,6,0,0
BRDA:85,6,1,0
BRDA:90,7,0,0
BRDA:90,7,1,0
BRF:17
BRH:0
end_of_record
TN:
SF:src/components/recommendations/PreviewPlayer.tsx
FN:15,PreviewPlayer
FN:27,(anonymous_10)
FN:28,(anonymous_11)
FN:36,(anonymous_12)
FN:43,(anonymous_13)
FN:48,(anonymous_14)
FN:60,(anonymous_15)
FN:69,(anonymous_16)
FN:76,(anonymous_17)
FNF:9
FNH:0
FNDA:0,PreviewPlayer
FNDA:0,(anonymous_10)
FNDA:0,(anonymous_11)
FNDA:0,(anonymous_12)
FNDA:0,(anonymous_13)
FNDA:0,(anonymous_14)
FNDA:0,(anonymous_15)
FNDA:0,(anonymous_16)
FNDA:0,(anonymous_17)
DA:3,0
DA:4,0
DA:5,0
DA:15,0
DA:22,0
DA:23,0
DA:24,0
DA:25,0
DA:27,0
DA:28,0
DA:29,0
DA:30,0
DA:31,0
DA:36,0
DA:37,0
DA:38,0
DA:39,0
DA:40,0
DA:41,0
DA:43,0
DA:44,0
DA:45,0
DA:48,0
DA:49,0
DA:50,0
DA:51,0
DA:55,0
DA:56,0
DA:57,0
DA:58,0
DA:60,0
DA:61,0
DA:62,0
DA:64,0
DA:69,0
DA:70,0
DA:71,0
DA:72,0
DA:76,0
DA:77,0
DA:78,0
DA:79,0
DA:80,0
DA:85,0
DA:86,0
DA:101,0
DA:102,0
DA:150,0
LF:48
LH:0
BRDA:19,0,0,0
BRDA:29,1,0,0
BRDA:29,1,1,0
BRDA:37,2,0,0
BRDA:37,2,1,0
BRDA:37,3,0,0
BRDA:37,3,1,0
BRDA:55,4,0,0
BRDA:55,4,1,0
BRDA:56,5,0,0
BRDA:56,5,1,0
BRDA:70,6,0,0
BRDA:70,6,1,0
BRDA:79,7,0,0
BRDA:79,7,1,0
BRDA:85,8,0,0
BRDA:85,8,1,0
BRDA:85,9,0,0
BRDA:85,9,1,0
BRDA:101,10,0,0
BRDA:101,10,1,0
BRDA:109,11,0,0
BRDA:109,11,1,0
BRDA:111,12,0,0
BRDA:111,12,1,0
BRDA:124,13,0,0
BRDA:124,13,1,0
BRDA:126,14,0,0
BRDA:126,14,1,0
BRF:29
BRH:0
end_of_record
TN:
SF:src/components/recommendations/RecommendationSection.tsx
FN:21,RecommendationSection
FN:33,(anonymous_11)
FN:43,(anonymous_12)
FN:71,(anonymous_13)
FN:72,(anonymous_14)
FN:83,(anonymous_15)
FN:111,(anonymous_16)
FN:132,(anonymous_17)
FN:162,(anonymous_18)
FN:266,(anonymous_19)
FN:280,(anonymous_20)
FNF:11
FNH:0
FNDA:0,RecommendationSection
FNDA:0,(anonymous_11)
FNDA:0,(anonymous_12)
FNDA:0,(anonymous_13)
FNDA:0,(anonymous_14)
FNDA:0,(anonymous_15)
FNDA:0,(anonymous_16)
FNDA:0,(anonymous_17)
FNDA:0,(anonymous_18)
FNDA:0,(anonymous_19)
FNDA:0,(anonymous_20)
DA:3,0
DA:4,0
DA:5,0
DA:6,0
DA:7,0
DA:8,0
DA:9,0
DA:11,0
DA:12,0
DA:13,0
DA:21,0
DA:26,0
DA:27,0
DA:28,0
DA:29,0
DA:30,0
DA:31,0
DA:33,0
DA:34,0
DA:35,0
DA:36,0
DA:37,0
DA:39,0
DA:43,0
DA:44,0
DA:45,0
DA:46,0
DA:47,0
DA:48,0
DA:49,0
DA:50,0
DA:51,0
DA:52,0
DA:53,0
DA:54,0
DA:55,0
DA:57,0
DA:58,0
DA:63,0
DA:64,0
DA:66,0
DA:67,0
DA:71,0
DA:72,0
DA:73,0
DA:74,0
DA:75,0
DA:77,0
DA:79,0
DA:83,0
DA:84,0
DA:85,0
DA:86,0
DA:87,0
DA:88,0
DA:90,0
DA:91,0
DA:92,0
DA:93,0
DA:96,0
DA:97,0
DA:98,0
DA:99,0
DA:102,0
DA:103,0
DA:104,0
DA:107,0
DA:108,0
DA:109,0
DA:111,0
DA:114,0
DA:119,0
DA:120,0
DA:123,0
DA:132,0
DA:140,0
DA:141,0
DA:143,0
DA:148,0
DA:149,0
DA:152,0
DA:154,0
DA:155,0
DA:156,0
DA:158,0
DA:162,0
DA:163,0
DA:164,0
DA:165,0
DA:166,0
DA:167,0
DA:170,0
DA:171,0
DA:185,0
DA:186,0
DA:209,0
DA:210,0
DA:226,0
DA:267,0
DA:268,0
DA:280,0
LF:101
LH:0
BRDA:35,0,0,0
BRDA:35,0,1,0
BRDA:74,1,0,0
BRDA:74,1,1,0
BRDA:90,2,0,0
BRDA:90,2,1,0
BRDA:96,3,0,0
BRDA:96,3,1,0
BRDA:102,4,0,0
BRDA:102,4,1,0
BRDA:119,5,0,0
BRDA:119,5,1,0
BRDA:119,6,0,0
BRDA:119,6,1,0
BRDA:123,7,0,0
BRDA:123,7,1,0
BRDA:163,8,0,0
BRDA:163,8,1,0
BRDA:170,9,0,0
BRDA:170,9,1,0
BRDA:185,10,0,0
BRDA:185,10,1,0
BRDA:209,11,0,0
BRDA:209,11,1,0
BRDA:242,12,0,0
BRDA:242,12,1,0
BRDA:245,13,0,0
BRDA:245,13,1,0
BRDA:247,14,0,0
BRDA:247,14,1,0
BRDA:249,15,0,0
BRDA:249,15,1,0
BRDA:278,16,0,0
BRDA:278,16,1,0
BRDA:286,17,0,0
BRDA:286,17,1,0
BRDA:289,18,0,0
BRDA:289,18,1,0
BRDA:291,19,0,0
BRDA:291,19,1,0
BRDA:298,20,0,0
BRDA:298,20,1,0
BRDA:310,21,0,0
BRDA:310,21,1,0
BRDA:316,22,0,0
BRDA:316,22,1,0
BRDA:324,23,0,0
BRDA:324,23,1,0
BRF:48
BRH:0
end_of_record
TN:
SF:src/components/shift/ShiftContext.tsx
FN:23,ShiftProvider
FN:24,(anonymous_10)
FN:47,(anonymous_11)
FN:51,(anonymous_12)
FN:52,(anonymous_13)
FN:54,(anonymous_14)
FN:72,useShift
FNF:7
FNH:0
FNDA:0,ShiftProvider
FNDA:0,(anonymous_10)
FNDA:0,(anonymous_11)
FNDA:0,(anonymous_12)
FNDA:0,(anonymous_13)
FNDA:0,(anonymous_14)
FNDA:0,useShift
DA:7,0
DA:21,0
DA:23,0
DA:24,0
DA:26,0
DA:27,0
DA:28,0
DA:37,0
DA:47,0
DA:48,0
DA:51,0
DA:52,0
DA:54,0
DA:55,0
DA:61,0
DA:62,0
DA:65,0
DA:72,0
DA:73,0
DA:74,0
DA:75,0
LF:21
LH:0
BRDA:28,0,0,0
BRDA:28,0,1,0
BRDA:74,1,0,0
BRDA:74,1,1,0
BRF:4
BRH:0
end_of_record
TN:
SF:src/components/shift/apiClient.ts
FN:14,apiJson
FN:76,(anonymous_1)
FN:82,(anonymous_2)
FN:182,apiJsonPublic
FN:193,(anonymous_4)
FN:217,apiBlob
FN:253,checkLinkStatus
FN:257,getLinkUrl
FN:264,forceReconnect
FN:269,fetchPlaylists
FN:273,listPlaylists
FN:278,startTransfer
FN:285,getTransferStatus
FN:290,downloadBlob
FN:301,downloadFile
FN:306,downloadUnmatchedCsv
FN:310,downloadUnmatchedPdf
FN:314,fetchUnmatchedJson
FN:319,downloadUnmatched
FNF:19
FNH:0
FNDA:0,apiJson
FNDA:0,(anonymous_1)
FNDA:0,(anonymous_2)
FNDA:0,apiJsonPublic
FNDA:0,(anonymous_4)
FNDA:0,apiBlob
FNDA:0,checkLinkStatus
FNDA:0,getLinkUrl
FNDA:0,forceReconnect
FNDA:0,fetchPlaylists
FNDA:0,listPlaylists
FNDA:0,startTransfer
FNDA:0,getTransferStatus
FNDA:0,downloadBlob
FNDA:0,downloadFile
FNDA:0,downloadUnmatchedCsv
FNDA:0,downloadUnmatchedPdf
FNDA:0,fetchUnmatchedJson
FNDA:0,downloadUnmatched
DA:5,0
DA:6,0
DA:7,0
DA:9,0
DA:14,0
DA:15,0
DA:16,0
DA:19,0
DA:22,0
DA:29,0
DA:30,0
DA:31,0
DA:33,0
DA:37,0
DA:39,0
DA:40,0
DA:43,0
DA:46,0
DA:47,0
DA:55,0
DA:56,0
DA:63,0
DA:70,0
DA:71,0
DA:75,0
DA:76,0
DA:78,0
DA:79,0
DA:80,0
DA:81,0
DA:82,0
DA:83,0
DA:90,0
DA:92,0
DA:94,0
DA:100,0
DA:101,0
DA:102,0
DA:104,0
DA:107,0
DA:108,0
DA:111,0
DA:118,0
DA:119,0
DA:121,0
DA:122,0
DA:123,0
DA:124,0
DA:125,0
DA:127,0
DA:128,0
DA:129,0
DA:130,0
DA:131,0
DA:133,0
DA:139,0
DA:143,0
DA:148,0
DA:149,0
DA:150,0
DA:151,0
DA:155,0
DA:156,0
DA:157,0
DA:158,0
DA:160,0
DA:164,0
DA:165,0
DA:167,0
DA:168,0
DA:169,0
DA:171,0
DA:172,0
DA:176,0
DA:182,0
DA:183,0
DA:192,0
DA:193,0
DA:194,0
DA:196,0
DA:197,0
DA:198,0
DA:199,0
DA:202,0
DA:203,0
DA:205,0
DA:206,0
DA:207,0
DA:209,0
DA:217,0
DA:219,0
DA:222,0
DA:227,0
DA:228,0
DA:229,0
DA:230,0
DA:233,0
DA:234,0
DA:238,0
DA:244,0
DA:245,0
DA:246,0
DA:249,0
DA:253,0
DA:254,0
DA:257,0
DA:258,0
DA:264,0
DA:265,0
DA:269,0
DA:270,0
DA:273,0
DA:274,0
DA:278,0
DA:279,0
DA:285,0
DA:286,0
DA:291,0
DA:292,0
DA:293,0
DA:294,0
DA:295,0
DA:296,0
DA:297,0
DA:298,0
DA:301,0
DA:302,0
DA:303,0
DA:306,0
DA:307,0
DA:310,0
DA:311,0
DA:314,0
DA:315,0
DA:319,0
DA:320,0
DA:321,0
LF:137
LH:0
BRDA:14,0,0,0
BRDA:15,1,0,0
BRDA:15,1,1,0
BRDA:24,2,0,0
BRDA:24,2,1,0
BRDA:29,3,0,0
BRDA:29,3,1,0
BRDA:37,4,0,0
BRDA:37,4,1,0
BRDA:39,5,0,0
BRDA:39,5,1,0
BRDA:39,6,0,0
BRDA:39,6,1,0
BRDA:46,7,0,0
BRDA:46,7,1,0
BRDA:50,8,0,0
BRDA:50,8,1,0
BRDA:55,9,0,0
BRDA:55,9,1,0
BRDA:70,10,0,0
BRDA:70,10,1,0
BRDA:75,11,0,0
BRDA:75,11,1,0
BRDA:75,12,0,0
BRDA:75,12,1,0
BRDA:75,12,2,0
BRDA:79,13,0,0
BRDA:79,13,1,0
BRDA:90,14,0,0
BRDA:90,14,1,0
BRDA:96,15,0,0
BRDA:96,15,1,0
BRDA:100,16,0,0
BRDA:100,16,1,0
BRDA:107,17,0,0
BRDA:107,17,1,0
BRDA:118,18,0,0
BRDA:118,18,1,0
BRDA:119,19,0,0
BRDA:119,19,1,0
BRDA:122,20,0,0
BRDA:122,20,1,0
BRDA:123,21,0,0
BRDA:123,21,1,0
BRDA:125,22,0,0
BRDA:125,22,1,0
BRDA:125,22,2,0
BRDA:128,23,0,0
BRDA:128,23,1,0
BRDA:128,24,0,0
BRDA:128,24,1,0
BRDA:131,25,0,0
BRDA:131,25,1,0
BRDA:131,25,2,0
BRDA:155,26,0,0
BRDA:155,26,1,0
BRDA:156,27,0,0
BRDA:156,27,1,0
BRDA:160,28,0,0
BRDA:160,28,1,0
BRDA:165,29,0,0
BRDA:165,29,1,0
BRDA:165,30,0,0
BRDA:165,30,1,0
BRDA:167,31,0,0
BRDA:167,31,1,0
BRDA:171,32,0,0
BRDA:171,32,1,0
BRDA:172,33,0,0
BRDA:172,33,1,0
BRDA:182,34,0,0
BRDA:188,35,0,0
BRDA:188,35,1,0
BRDA:192,36,0,0
BRDA:192,36,1,0
BRDA:194,37,0,0
BRDA:194,37,1,0
BRDA:202,38,0,0
BRDA:202,38,1,0
BRDA:203,39,0,0
BRDA:203,39,1,0
BRDA:209,40,0,0
BRDA:209,40,1,0
BRDA:217,41,0,0
BRDA:223,42,0,0
BRDA:223,42,1,0
BRDA:227,43,0,0
BRDA:227,43,1,0
BRDA:229,44,0,0
BRDA:229,44,1,0
BRDA:233,45,0,0
BRDA:233,45,1,0
BRDA:244,46,0,0
BRDA:244,46,1,0
BRF:94
BRH:0
end_of_record
TN:
SF:src/components/ui/alert-dialog.tsx
FN:16,(anonymous_9)
FN:31,(anonymous_10)
FN:46,(anonymous_11)
FN:60,(anonymous_12)
FN:77,(anonymous_13)
FN:89,(anonymous_14)
FN:102,(anonymous_15)
FN:114,(anonymous_16)
FNF:8
FNH:0
FNDA:0,(anonymous_9)
FNDA:0,(anonymous_10)
FNDA:0,(anonymous_11)
FNDA:0,(anonymous_12)
FNDA:0,(anonymous_13)
FNDA:0,(anonymous_14)
FNDA:0,(anonymous_15)
FNDA:0,(anonymous_16)
DA:1,0
DA:2,0
DA:4,0
DA:5,0
DA:7,0
DA:9,0
DA:11,0
DA:13,0
DA:17,0
DA:26,0
DA:28,0
DA:32,0
DA:44,0
DA:46,0
DA:50,0
DA:58,0
DA:60,0
DA:64,0
DA:72,0
DA:74,0
DA:78,0
DA:84,0
DA:86,0
DA:90,0
DA:96,0
DA:99,0
DA:103,0
DA:109,0
DA:111,0
DA:115,0
DA:125,0
DA:128,0
DA:129,0
DA:130,0
DA:131,0
DA:132,0
DA:133,0
DA:134,0
DA:135,0
DA:136,0
DA:137,0
DA:138,0
LF:42
LH:0
BRF:0
BRH:0
end_of_record
TN:
SF:src/components/ui/badge.tsx
FN:30,Badge
FNF:1
FNH:0
FNDA:0,Badge
DA:1,0
DA:2,0
DA:4,0
DA:6,0
DA:31,0
DA:36,0
LF:6
LH:0
BRF:0
BRH:0
end_of_record
TN:
SF:src/components/ui/button.tsx
FN:44,(anonymous_9)
FNF:1
FNH:1
FNDA:5,(anonymous_9)
DA:1,1
DA:2,1
DA:3,1
DA:5,1
DA:7,1
DA:43,1
DA:45,5
DA:46,5
DA:55,1
DA:57,1
LF:10
LH:10
BRDA:44,0,0,5
BRDA:45,1,0,0
BRDA:45,1,1,5
BRF:3
BRH:2
end_of_record
TN:
SF:src/components/ui/card.tsx
FN:8,(anonymous_9)
FN:23,(anonymous_10)
FN:35,(anonymous_11)
FN:47,(anonymous_12)
FN:59,(anonymous_13)
FN:67,(anonymous_14)
FNF:6
FNH:0
FNDA:0,(anonymous_9)
FNDA:0,(anonymous_10)
FNDA:0,(anonymous_11)
FNDA:0,(anonymous_12)
FNDA:0,(anonymous_13)
FNDA:0,(anonymous_14)
DA:1,0
DA:3,0
DA:5,0
DA:9,0
DA:18,0
DA:20,0
DA:24,0
DA:30,0
DA:32,0
DA:36,0
DA:42,0
DA:44,0
DA:48,0
DA:54,0
DA:56,0
DA:60,0
DA:62,0
DA:64,0
DA:68,0
DA:74,0
DA:76,0
LF:21
LH:0
BRF:0
BRH:0
end_of_record
TN:
SF:src/components/ui/checkbox.tsx
FN:10,(anonymous_9)
FNF:1
FNH:0
FNDA:0,(anonymous_9)
DA:1,0
DA:2,0
DA:3,0
DA:5,0
DA:7,0
DA:11,0
DA:26,0
DA:28,0
LF:8
LH:0
BRF:0
BRH:0
end_of_record
TN:
SF:src/components/ui/date-picker.tsx
FN:24,DatePicker
FN:36,(anonymous_10)
FNF:2
FNH:0
FNDA:0,DatePicker
FNDA:0,(anonymous_10)
DA:2,0
DA:3,0
DA:4,0
DA:5,0
DA:6,0
DA:7,0
DA:8,0
DA:24,0
DA:33,0
DA:34,0
DA:36,0
DA:37,0
DA:39,0
DA:40,0
DA:41,0
DA:43,0
DA:47,0
LF:17
LH:0
BRDA:27,0,0,0
BRDA:31,1,0,0
BRDA:34,2,0,0
BRDA:34,2,1,0
BRDA:37,3,0,0
BRDA:37,3,1,0
BRDA:56,4,0,0
BRDA:56,4,1,0
BRDA:59,5,0,0
BRDA:59,5,1,0
BRDA:62,6,0,0
BRDA:62,6,1,0
BRF:12
BRH:0
end_of_record
TN:
SF:src/components/ui/dialog.tsx
FN:18,(anonymous_9)
FN:33,(anonymous_10)
FN:54,(anonymous_11)
FN:68,(anonymous_12)
FN:85,(anonymous_13)
FN:100,(anonymous_14)
FNF:6
FNH:0
FNDA:0,(anonymous_9)
FNDA:0,(anonymous_10)
FNDA:0,(anonymous_11)
FNDA:0,(anonymous_12)
FNDA:0,(anonymous_13)
FNDA:0,(anonymous_14)
DA:1,0
DA:2,0
DA:3,0
DA:5,0
DA:7,0
DA:9,0
DA:11,0
DA:13,0
DA:15,0
DA:19,0
DA:28,0
DA:30,0
DA:34,0
DA:52,0
DA:54,0
DA:58,0
DA:66,0
DA:68,0
DA:72,0
DA:80,0
DA:82,0
DA:86,0
DA:95,0
DA:97,0
DA:101,0
DA:107,0
DA:110,0
DA:111,0
DA:112,0
DA:113,0
DA:114,0
DA:115,0
DA:116,0
DA:117,0
DA:118,0
DA:119,0
LF:36
LH:0
BRF:0
BRH:0
end_of_record
TN:
SF:src/components/ui/input.tsx
FN:11,(anonymous_9)
FN:17,(anonymous_10)
FN:20,(anonymous_11)
FN:21,(anonymous_12)
FN:28,(anonymous_13)
FN:47,(anonymous_14)
FN:56,(anonymous_15)
FN:67,(anonymous_16)
FN:77,(anonymous_17)
FNF:9
FNH:0
FNDA:0,(anonymous_9)
FNDA:0,(anonymous_10)
FNDA:0,(anonymous_11)
FNDA:0,(anonymous_12)
FNDA:0,(anonymous_13)
FNDA:0,(anonymous_14)
FNDA:0,(anonymous_15)
FNDA:0,(anonymous_16)
FNDA:0,(anonymous_17)
DA:1,0
DA:2,0
DA:3,0
DA:10,0
DA:12,0
DA:13,0
DA:14,0
DA:17,0
DA:20,0
DA:21,0
DA:22,0
DA:23,0
DA:28,0
DA:29,0
DA:32,0
DA:35,0
DA:36,0
DA:40,0
DA:42,0
DA:43,0
DA:47,0
DA:48,0
DA:49,0
DA:50,0
DA:56,0
DA:57,0
DA:61,0
DA:62,0
DA:66,0
DA:67,0
DA:68,0
DA:69,0
DA:70,0
DA:77,0
DA:78,0
DA:79,0
DA:83,0
DA:99,0
DA:101,0
LF:39
LH:0
BRDA:11,0,0,0
BRDA:13,1,0,0
BRDA:13,1,1,0
BRDA:13,2,0,0
BRDA:13,2,1,0
BRDA:22,3,0,0
BRDA:22,3,1,0
BRDA:35,4,0,0
BRDA:35,4,1,0
BRDA:40,5,0,0
BRDA:40,5,1,0
BRDA:40,6,0,0
BRDA:40,6,1,0
BRDA:40,6,2,0
BRDA:40,6,3,0
BRDA:40,6,4,0
BRDA:42,7,0,0
BRDA:42,7,1,0
BRDA:49,8,0,0
BRDA:49,8,1,0
BRDA:61,9,0,0
BRDA:61,9,1,0
BRDA:66,10,0,0
BRDA:66,10,1,0
BRDA:66,11,0,0
BRDA:66,11,1,0
BRDA:66,11,2,0
BRDA:69,12,0,0
BRDA:69,12,1,0
BRDA:78,13,0,0
BRDA:78,13,1,0
BRDA:93,14,0,0
BRDA:93,14,1,0
BRF:33
BRH:0
end_of_record
TN:
SF:src/components/ui/label.tsx
FN:15,(anonymous_9)
FNF:1
FNH:0
FNDA:0,(anonymous_9)
DA:1,0
DA:2,0
DA:3,0
DA:5,0
DA:7,0
DA:11,0
DA:16,0
DA:22,0
DA:24,0
LF:9
LH:0
BRF:0
BRH:0
end_of_record
TN:
SF:src/components/ui/popover.tsx
FN:14,(anonymous_9)
FNF:1
FNH:0
FNDA:0,(anonymous_9)
DA:2,0
DA:3,0
DA:5,0
DA:7,0
DA:9,0
DA:11,0
DA:15,0
DA:28,0
DA:30,0
LF:9
LH:0
BRDA:14,0,0,0
BRDA:14,1,0,0
BRF:2
BRH:0
end_of_record
TN:
SF:src/components/ui/progress.tsx
FN:9,(anonymous_9)
FNF:1
FNH:0
FNDA:0,(anonymous_9)
DA:1,0
DA:2,0
DA:4,0
DA:6,0
DA:10,0
DA:24,0
DA:26,0
LF:7
LH:0
BRDA:20,0,0,0
BRDA:20,0,1,0
BRF:2
BRH:0
end_of_record
TN:
SF:src/components/ui/scroll-area.tsx
FN:9,(anonymous_9)
FN:27,(anonymous_10)
FNF:2
FNH:0
FNDA:0,(anonymous_9)
FNDA:0,(anonymous_10)
DA:1,0
DA:2,0
DA:4,0
DA:6,0
DA:10,0
DA:22,0
DA:24,0
DA:28,0
DA:44,0
DA:46,0
LF:10
LH:0
BRDA:27,0,0,0
BRDA:33,1,0,0
BRDA:33,1,1,0
BRDA:35,2,0,0
BRDA:35,2,1,0
BRF:5
BRH:0
end_of_record
TN:
SF:src/components/ui/select.tsx
FN:16,(anonymous_9)
FN:36,(anonymous_10)
FN:53,(anonymous_11)
FN:71,(anonymous_12)
FN:103,(anonymous_13)
FN:115,(anonymous_14)
FN:137,(anonymous_15)
FNF:7
FNH:0
FNDA:0,(anonymous_9)
FNDA:0,(anonymous_10)
FNDA:0,(anonymous_11)
FNDA:0,(anonymous_12)
FNDA:0,(anonymous_13)
FNDA:0,(anonymous_14)
FNDA:0,(anonymous_15)
DA:1,0
DA:2,0
DA:3,0
DA:5,0
DA:7,0
DA:9,0
DA:11,0
DA:13,0
DA:17,0
DA:31,0
DA:33,0
DA:37,0
DA:48,0
DA:50,0
DA:54,0
DA:65,0
DA:68,0
DA:72,0
DA:98,0
DA:100,0
DA:104,0
DA:110,0
DA:112,0
DA:116,0
DA:132,0
DA:134,0
DA:138,0
DA:144,0
DA:147,0
DA:148,0
DA:149,0
DA:150,0
DA:151,0
DA:152,0
DA:153,0
DA:154,0
DA:155,0
DA:156,0
LF:38
LH:0
BRDA:71,0,0,0
BRDA:77,1,0,0
BRDA:77,1,1,0
BRDA:88,2,0,0
BRDA:88,2,1,0
BRF:5
BRH:0
end_of_record
TN:
SF:src/components/ui/sheet.tsx
FN:19,(anonymous_9)
FN:57,(anonymous_10)
FN:75,(anonymous_11)
FN:89,(anonymous_12)
FN:106,(anonymous_13)
FN:118,(anonymous_14)
FNF:6
FNH:0
FNDA:0,(anonymous_9)
FNDA:0,(anonymous_10)
FNDA:0,(anonymous_11)
FNDA:0,(anonymous_12)
FNDA:0,(anonymous_13)
FNDA:0,(anonymous_14)
DA:1,0
DA:2,0
DA:3,0
DA:4,0
DA:6,0
DA:8,0
DA:10,0
DA:12,0
DA:14,0
DA:16,0
DA:20,0
DA:29,0
DA:31,0
DA:54,0
DA:58,0
DA:73,0
DA:75,0
DA:79,0
DA:87,0
DA:89,0
DA:93,0
DA:101,0
DA:103,0
DA:107,0
DA:113,0
DA:115,0
DA:119,0
DA:125,0
DA:128,0
DA:129,0
DA:130,0
DA:131,0
DA:132,0
DA:133,0
DA:134,0
DA:135,0
DA:136,0
DA:137,0
LF:38
LH:0
BRDA:57,0,0,0
BRF:1
BRH:0
end_of_record
TN:
SF:src/components/ui/skeleton-loader.tsx
FN:14,SkeletonLoader
FN:33,(anonymous_2)
FN:68,SkeletonCard
FN:80,SkeletonPlaylistCard
FNF:4
FNH:0
FNDA:0,SkeletonLoader
FNDA:0,(anonymous_2)
FNDA:0,SkeletonCard
FNDA:0,SkeletonPlaylistCard
DA:3,0
DA:4,0
DA:14,0
DA:21,0
DA:23,0
DA:30,0
DA:31,0
DA:34,0
DA:52,0
DA:68,0
DA:69,0
DA:80,0
DA:81,0
LF:13
LH:0
BRDA:16,0,0,0
BRDA:19,1,0,0
BRDA:30,2,0,0
BRDA:30,2,1,0
BRDA:42,3,0,0
BRDA:42,3,1,0
BRDA:42,4,0,0
BRDA:42,4,1,0
BRDA:43,5,0,0
BRDA:43,5,1,0
BRDA:43,6,0,0
BRDA:43,6,1,0
BRDA:43,7,0,0
BRDA:43,7,1,0
BRDA:60,8,0,0
BRDA:60,8,1,0
BRDA:60,9,0,0
BRDA:60,9,1,0
BRDA:61,10,0,0
BRDA:61,10,1,0
BRDA:61,11,0,0
BRDA:61,11,1,0
BRDA:61,12,0,0
BRDA:61,12,1,0
BRF:24
BRH:0
end_of_record
TN:
SF:src/components/ui/skeleton.tsx
FN:3,Skeleton
FNF:1
FNH:0
FNDA:0,Skeleton
DA:1,0
DA:7,0
DA:15,0
LF:3
LH:0
BRF:0
BRH:0
end_of_record
TN:
SF:src/components/ui/switch.tsx
FN:9,(anonymous_9)
FNF:1
FNH:0
FNDA:0,(anonymous_9)
DA:1,0
DA:2,0
DA:4,0
DA:6,0
DA:10,0
DA:25,0
DA:27,0
LF:7
LH:0
BRF:0
BRH:0
end_of_record
TN:
SF:src/components/ui/table.tsx
FN:8,(anonymous_9)
FN:22,(anonymous_10)
FN:30,(anonymous_11)
FN:42,(anonymous_12)
FN:57,(anonymous_13)
FN:72,(anonymous_14)
FN:87,(anonymous_15)
FN:102,(anonymous_16)
FNF:8
FNH:0
FNDA:0,(anonymous_9)
FNDA:0,(anonymous_10)
FNDA:0,(anonymous_11)
FNDA:0,(anonymous_12)
FNDA:0,(anonymous_13)
FNDA:0,(anonymous_14)
FNDA:0,(anonymous_15)
FNDA:0,(anonymous_16)
DA:1,0
DA:3,0
DA:5,0
DA:9,0
DA:17,0
DA:19,0
DA:23,0
DA:25,0
DA:27,0
DA:31,0
DA:37,0
DA:39,0
DA:43,0
DA:52,0
DA:54,0
DA:58,0
DA:67,0
DA:69,0
DA:73,0
DA:82,0
DA:84,0
DA:88,0
DA:97,0
DA:99,0
DA:103,0
DA:109,0
DA:112,0
DA:113,0
DA:114,0
DA:115,0
DA:116,0
DA:117,0
DA:118,0
DA:119,0
LF:34
LH:0
BRF:0
BRH:0
end_of_record
TN:
SF:src/components/ui/textarea.tsx
FN:11,(anonymous_9)
FN:17,(anonymous_10)
FN:20,(anonymous_11)
FN:21,(anonymous_12)
FN:28,(anonymous_13)
FN:47,(anonymous_14)
FN:56,(anonymous_15)
FN:67,(anonymous_16)
FN:77,(anonymous_17)
FNF:9
FNH:0
FNDA:0,(anonymous_9)
FNDA:0,(anonymous_10)
FNDA:0,(anonymous_11)
FNDA:0,(anonymous_12)
FNDA:0,(anonymous_13)
FNDA:0,(anonymous_14)
FNDA:0,(anonymous_15)
FNDA:0,(anonymous_16)
FNDA:0,(anonymous_17)
DA:1,0
DA:2,0
DA:3,0
DA:10,0
DA:12,0
DA:13,0
DA:14,0
DA:17,0
DA:20,0
DA:21,0
DA:22,0
DA:23,0
DA:28,0
DA:29,0
DA:32,0
DA:35,0
DA:36,0
DA:40,0
DA:42,0
DA:43,0
DA:47,0
DA:48,0
DA:49,0
DA:50,0
DA:56,0
DA:57,0
DA:61,0
DA:62,0
DA:66,0
DA:67,0
DA:68,0
DA:69,0
DA:70,0
DA:77,0
DA:78,0
DA:79,0
DA:83,0
DA:98,0
DA:100,0
LF:39
LH:0
BRDA:11,0,0,0
BRDA:13,1,0,0
BRDA:13,1,1,0
BRDA:13,2,0,0
BRDA:13,2,1,0
BRDA:22,3,0,0
BRDA:22,3,1,0
BRDA:35,4,0,0
BRDA:35,4,1,0
BRDA:40,5,0,0
BRDA:40,5,1,0
BRDA:42,6,0,0
BRDA:42,6,1,0
BRDA:49,7,0,0
BRDA:49,7,1,0
BRDA:61,8,0,0
BRDA:61,8,1,0
BRDA:66,9,0,0
BRDA:66,9,1,0
BRDA:69,10,0,0
BRDA:69,10,1,0
BRDA:78,11,0,0
BRDA:78,11,1,0
BRDA:92,12,0,0
BRDA:92,12,1,0
BRF:25
BRH:0
end_of_record
TN:
SF:src/components/ui/toast-provider.tsx
FN:12,ToastProvider
FNF:1
FNH:0
FNDA:0,ToastProvider
DA:2,0
DA:3,0
DA:12,0
DA:13,0
LF:4
LH:0
BRF:0
BRH:0
end_of_record
TN:
SF:src/constants/genres.ts
FNF:0
FNH:0
DA:4,0
LF:1
LH:0
BRF:0
BRH:0
end_of_record
TN:
SF:src/context/AuthContext.tsx
FN:35,AuthProvider
FN:40,(anonymous_10)
FN:44,(anonymous_11)
FN:69,(anonymous_12)
FN:79,(anonymous_13)
FN:107,(anonymous_14)
FN:125,(anonymous_15)
FN:173,(anonymous_16)
FN:193,(anonymous_17)
FNF:9
FNH:0
FNDA:0,AuthProvider
FNDA:0,(anonymous_10)
FNDA:0,(anonymous_11)
FNDA:0,(anonymous_12)
FNDA:0,(anonymous_13)
FNDA:0,(anonymous_14)
FNDA:0,(anonymous_15)
FNDA:0,(anonymous_16)
FNDA:0,(anonymous_17)
DA:2,0
DA:9,0
DA:10,0
DA:33,0
DA:35,0
DA:36,0
DA:37,0
DA:38,0
DA:40,0
DA:41,0
DA:43,0
DA:45,0
DA:46,0
DA:47,0
DA:51,0
DA:52,0
DA:53,0
DA:56,0
DA:57,0
DA:58,0
DA:60,0
DA:68,0
DA:69,0
DA:71,0
DA:72,0
DA:73,0
DA:74,0
DA:79,0
DA:80,0
DA:86,0
DA:87,0
DA:88,0
DA:90,0
DA:91,0
DA:94,0
DA:102,0
DA:107,0
DA:109,0
DA:110,0
DA:111,0
DA:112,0
DA:114,0
DA:119,0
DA:120,0
DA:121,0
DA:125,0
DA:126,0
DA:127,0
DA:128,0
DA:129,0
DA:132,0
DA:137,0
DA:138,0
DA:139,0
DA:147,0
DA:148,0
DA:150,0
DA:151,0
DA:155,0
DA:156,0
DA:157,0
DA:158,0
DA:159,0
DA:162,0
DA:163,0
DA:164,0
DA:165,0
DA:166,0
DA:168,0
DA:173,0
DA:175,0
DA:179,0
DA:180,0
DA:181,0
DA:184,0
DA:185,0
DA:186,0
DA:187,0
DA:189,0
DA:193,0
DA:194,0
DA:195,0
DA:197,0
DA:198,0
DA:199,0
DA:200,0
DA:202,0
DA:203,0
DA:204,0
DA:214,0
DA:223,0
LF:91
LH:0
BRDA:44,0,0,0
BRDA:45,1,0,0
BRDA:45,1,1,0
BRDA:46,2,0,0
BRDA:46,2,1,0
BRDA:51,3,0,0
BRDA:51,3,1,0
BRDA:52,4,0,0
BRDA:52,4,1,0
BRDA:56,5,0,0
BRDA:56,5,1,0
BRDA:64,6,0,0
BRDA:64,6,1,0
BRDA:68,7,0,0
BRDA:68,7,1,0
BRDA:68,8,0,0
BRDA:68,8,1,0
BRDA:68,8,2,0
BRDA:72,9,0,0
BRDA:72,9,1,0
BRDA:77,10,0,0
BRDA:77,10,1,0
BRDA:87,11,0,0
BRDA:87,11,1,0
BRDA:90,12,0,0
BRDA:90,12,1,0
BRDA:98,13,0,0
BRDA:98,13,1,0
BRDA:110,14,0,0
BRDA:110,14,1,0
BRDA:120,15,0,0
BRDA:120,15,1,0
BRDA:128,16,0,0
BRDA:128,16,1,0
BRDA:137,17,0,0
BRDA:137,17,1,0
BRDA:140,18,0,0
BRDA:140,18,1,0
BRDA:140,18,2,0
BRDA:142,19,0,0
BRDA:142,19,1,0
BRDA:143,20,0,0
BRDA:143,20,1,0
BRDA:144,21,0,0
BRDA:144,21,1,0
BRDA:145,22,0,0
BRDA:145,22,1,0
BRDA:150,23,0,0
BRDA:150,23,1,0
BRDA:175,24,0,0
BRDA:175,24,1,0
BRDA:175,24,2,0
BRDA:179,25,0,0
BRDA:179,25,1,0
BRDA:184,26,0,0
BRDA:184,26,1,0
BRDA:185,27,0,0
BRDA:185,27,1,0
BRF:58
BRH:0
end_of_record
TN:
SF:src/context/ThemeContext.tsx
FN:22,ThemeProvider
FN:25,(anonymous_10)
FN:52,(anonymous_11)
FN:72,(anonymous_12)
FN:76,(anonymous_13)
FN:94,(anonymous_14)
FN:98,(anonymous_15)
FN:99,(anonymous_16)
FN:119,(anonymous_17)
FN:130,useTheme
FNF:10
FNH:7
FNDA:6,ThemeProvider
FNDA:4,(anonymous_10)
FNDA:6,(anonymous_11)
FNDA:4,(anonymous_12)
FNDA:0,(anonymous_13)
FNDA:0,(anonymous_14)
FNDA:2,(anonymous_15)
FNDA:2,(anonymous_16)
FNDA:0,(anonymous_17)
FNDA:11,useTheme
DA:2,1
DA:18,1
DA:20,1
DA:22,1
DA:25,6
DA:26,4
DA:29,4
DA:30,4
DA:32,1
DA:33,1
DA:34,1
DA:36,0
DA:38,1
DA:41,3
DA:42,3
DA:43,3
DA:44,0
DA:45,0
DA:47,3
DA:48,3
DA:52,6
DA:53,6
DA:55,6
DA:56,6
DA:59,6
DA:60,3
DA:62,3
DA:66,6
DA:68,6
DA:72,6
DA:73,4
DA:75,4
DA:76,4
DA:79,0
DA:81,0
DA:82,0
DA:83,0
DA:84,0
DA:86,0
DA:91,4
DA:92,4
DA:93,0
DA:94,0
DA:98,6
DA:99,2
DA:100,2
DA:101,2
DA:104,2
DA:105,2
DA:106,2
DA:107,2
DA:108,2
DA:110,0
DA:112,2
DA:115,2
DA:119,6
DA:120,0
DA:123,6
DA:130,1
DA:131,11
DA:132,10
DA:133,4
DA:135,6
LF:63
LH:50
BRDA:26,0,0,0
BRDA:26,0,1,4
BRDA:30,1,0,1
BRDA:30,1,1,3
BRDA:30,2,0,4
BRDA:30,2,1,4
BRDA:33,3,0,1
BRDA:33,3,1,0
BRDA:43,4,0,0
BRDA:43,4,1,3
BRDA:53,5,0,0
BRDA:53,5,1,6
BRDA:59,6,0,3
BRDA:59,6,1,3
BRDA:73,7,0,0
BRDA:73,7,1,4
BRDA:81,8,0,0
BRDA:81,8,1,0
BRDA:81,9,0,0
BRDA:81,9,1,0
BRDA:82,10,0,0
BRDA:82,10,1,0
BRDA:92,11,0,0
BRDA:92,11,1,4
BRDA:92,12,0,4
BRDA:92,12,1,4
BRDA:100,13,0,2
BRDA:100,13,1,0
BRDA:104,14,0,2
BRDA:104,14,1,0
BRDA:107,15,0,2
BRDA:107,15,1,0
BRDA:132,16,0,4
BRDA:132,16,1,6
BRF:34
BRH:19
end_of_record
TN:
SF:src/context/useAuth.ts
FN:5,useAuth
FNF:1
FNH:0
FNDA:0,useAuth
DA:2,0
DA:3,0
DA:5,0
DA:6,0
DA:7,0
DA:8,0
LF:6
LH:0
BRDA:7,0,0,0
BRDA:7,0,1,0
BRF:2
BRH:0
end_of_record
TN:
SF:src/hooks/useContentModeration.tsx
FN:9,useContentModeration
FN:13,(anonymous_1)
FN:27,(anonymous_2)
FNF:3
FNH:0
FNDA:0,useContentModeration
FNDA:0,(anonymous_1)
FNDA:0,(anonymous_2)
DA:2,0
DA:3,0
DA:9,0
DA:10,0
DA:11,0
DA:13,0
DA:14,0
DA:15,0
DA:18,0
DA:19,0
DA:22,0
DA:23,0
DA:27,0
DA:28,0
DA:29,0
DA:30,0
DA:33,0
LF:17
LH:0
BRDA:9,0,0,0
BRDA:22,1,0,0
BRDA:22,1,1,0
BRF:3
BRH:0
end_of_record
TN:
SF:src/hooks/useKeyboardShortcuts.tsx
FN:14,useKeyboardShortcuts
FN:15,(anonymous_1)
FN:16,(anonymous_2)
FN:17,(anonymous_3)
FN:41,(anonymous_4)
FNF:5
FNH:0
FNDA:0,useKeyboardShortcuts
FNDA:0,(anonymous_1)
FNDA:0,(anonymous_2)
FNDA:0,(anonymous_3)
FNDA:0,(anonymous_4)
DA:3,0
DA:14,0
DA:15,0
DA:16,0
DA:17,0
DA:18,0
DA:19,0
DA:20,0
DA:21,0
DA:23,0
DA:25,0
DA:26,0
DA:31,0
DA:34,0
DA:35,0
DA:40,0
DA:41,0
DA:46,0
DA:47,0
LF:19
LH:0
BRDA:18,0,0,0
BRDA:18,0,1,0
BRDA:19,1,0,0
BRDA:19,1,1,0
BRDA:20,2,0,0
BRDA:20,2,1,0
BRDA:21,3,0,0
BRDA:21,3,1,0
BRDA:23,4,0,0
BRDA:23,4,1,0
BRDA:23,5,0,0
BRDA:23,5,1,0
BRDA:23,5,2,0
BRDA:23,5,3,0
BRDA:26,6,0,0
BRDA:26,6,1,0
BRDA:27,7,0,0
BRDA:27,7,1,0
BRDA:27,7,2,0
BRF:19
BRH:0
end_of_record
TN:
SF:src/hooks/usePageTitle.tsx
FN:6,usePageTitle
FN:7,(anonymous_1)
FN:11,(anonymous_2)
FNF:3
FNH:0
FNDA:0,usePageTitle
FNDA:0,(anonymous_1)
FNDA:0,(anonymous_2)
DA:2,0
DA:4,0
DA:6,0
DA:7,0
DA:8,0
DA:9,0
DA:11,0
DA:12,0
LF:8
LH:0
BRDA:9,0,0,0
BRDA:9,0,1,0
BRF:2
BRH:0
end_of_record
TN:
SF:src/hooks/useToast.tsx
FN:8,useToast
FN:15,(anonymous_10)
FNF:2
FNH:0
FNDA:0,useToast
FNDA:0,(anonymous_10)
DA:2,0
DA:3,0
DA:8,0
DA:9,0
DA:10,0
DA:11,0
DA:15,0
DA:19,0
DA:20,0
DA:21,0
DA:27,0
DA:36,0
DA:53,0
LF:13
LH:0
BRDA:17,0,0,0
BRDA:27,1,0,0
BRDA:27,1,1,0
BRDA:29,2,0,0
BRDA:29,2,1,0
BRDA:31,3,0,0
BRDA:31,3,1,0
BRF:7
BRH:0
end_of_record
TN:
SF:src/lib/utils.ts
FN:4,cn
FNF:1
FNH:1
FNDA:12,cn
DA:1,2
DA:2,2
DA:4,2
DA:5,12
LF:4
LH:4
BRF:0
BRH:0
end_of_record
TN:
SF:src/pages/ExplorePublicPlaylists.tsx
FN:36,useDebouncedValue
FN:39,(anonymous_11)
FN:40,(anonymous_12)
FN:44,(anonymous_13)
FN:50,ExplorePublicPlaylists
FN:79,(anonymous_15)
FN:83,(anonymous_16)
FN:137,(anonymous_17)
FN:149,(anonymous_18)
FN:151,(anonymous_19)
FN:152,(anonymous_20)
FN:155,(anonymous_21)
FN:156,(anonymous_22)
FN:159,(anonymous_23)
FN:160,(anonymous_24)
FN:166,(anonymous_25)
FN:178,(anonymous_26)
FN:183,(anonymous_27)
FN:188,(anonymous_28)
FN:193,(anonymous_29)
FN:194,(anonymous_30)
FN:200,(anonymous_31)
FN:249,(anonymous_32)
FN:250,(anonymous_33)
FN:289,(anonymous_34)
FN:328,(anonymous_35)
FN:399,(anonymous_36)
FN:438,(anonymous_37)
FNF:28
FNH:0
FNDA:0,useDebouncedValue
FNDA:0,(anonymous_11)
FNDA:0,(anonymous_12)
FNDA:0,(anonymous_13)
FNDA:0,ExplorePublicPlaylists
FNDA:0,(anonymous_15)
FNDA:0,(anonymous_16)
FNDA:0,(anonymous_17)
FNDA:0,(anonymous_18)
FNDA:0,(anonymous_19)
FNDA:0,(anonymous_20)
FNDA:0,(anonymous_21)
FNDA:0,(anonymous_22)
FNDA:0,(anonymous_23)
FNDA:0,(anonymous_24)
FNDA:0,(anonymous_25)
FNDA:0,(anonymous_26)
FNDA:0,(anonymous_27)
FNDA:0,(anonymous_28)
FNDA:0,(anonymous_29)
FNDA:0,(anonymous_30)
FNDA:0,(anonymous_31)
FNDA:0,(anonymous_32)
FNDA:0,(anonymous_33)
FNDA:0,(anonymous_34)
FNDA:0,(anonymous_35)
FNDA:0,(anonymous_36)
FNDA:0,(anonymous_37)
DA:3,0
DA:4,0
DA:5,0
DA:6,0
DA:7,0
DA:8,0
DA:9,0
DA:10,0
DA:11,0
DA:12,0
DA:13,0
DA:14,0
DA:15,0
DA:16,0
DA:18,0
DA:19,0
DA:20,0
DA:37,0
DA:39,0
DA:40,0
DA:41,0
DA:44,0
DA:47,0
DA:50,0
DA:51,0
DA:52,0
DA:53,0
DA:54,0
DA:55,0
DA:56,0
DA:57,0
DA:58,0
DA:59,0
DA:61,0
DA:70,0
DA:72,0
DA:73,0
DA:74,0
DA:76,0
DA:79,0
DA:80,0
DA:81,0
DA:83,0
DA:84,0
DA:85,0
DA:97,0
DA:100,0
DA:102,0
DA:103,0
DA:104,0
DA:105,0
DA:106,0
DA:107,0
DA:109,0
DA:110,0
DA:111,0
DA:112,0
DA:114,0
DA:115,0
DA:116,0
DA:117,0
DA:120,0
DA:122,0
DA:123,0
DA:124,0
DA:125,0
DA:126,0
DA:127,0
DA:128,0
DA:132,0
DA:137,0
DA:139,0
DA:140,0
DA:146,0
DA:149,0
DA:150,0
DA:151,0
DA:152,0
DA:155,0
DA:156,0
DA:159,0
DA:160,0
DA:166,0
DA:167,0
DA:175,0
DA:178,0
DA:179,0
DA:180,0
DA:183,0
DA:184,0
DA:185,0
DA:188,0
DA:189,0
DA:190,0
DA:191,0
DA:193,0
DA:194,0
DA:196,0
DA:200,0
DA:201,0
DA:202,0
DA:205,0
DA:208,0
DA:216,0
DA:249,0
DA:251,0
DA:289,0
DA:329,0
DA:400,0
DA:438,0
LF:110
LH:0
BRDA:88,0,0,0
BRDA:88,0,1,0
BRDA:89,1,0,0
BRDA:89,1,1,0
BRDA:90,2,0,0
BRDA:90,2,1,0
BRDA:91,3,0,0
BRDA:91,3,1,0
BRDA:92,4,0,0
BRDA:92,4,1,0
BRDA:93,5,0,0
BRDA:93,5,1,0
BRDA:100,6,0,0
BRDA:100,6,1,0
BRDA:100,7,0,0
BRDA:100,7,1,0
BRDA:100,7,2,0
BRDA:100,7,3,0
BRDA:107,8,0,0
BRDA:107,8,1,0
BRDA:139,9,0,0
BRDA:139,9,1,0
BRDA:150,10,0,0
BRDA:150,10,1,0
BRDA:162,11,0,0
BRDA:162,11,1,0
BRDA:162,12,0,0
BRDA:162,12,1,0
BRDA:189,13,0,0
BRDA:189,13,1,0
BRDA:190,14,0,0
BRDA:190,14,1,0
BRDA:190,15,0,0
BRDA:190,15,1,0
BRDA:221,16,0,0
BRDA:221,16,1,0
BRDA:230,17,0,0
BRDA:230,17,1,0
BRDA:267,18,0,0
BRDA:267,18,1,0
BRDA:303,19,0,0
BRDA:303,19,1,0
BRDA:308,20,0,0
BRDA:308,20,1,0
BRDA:313,21,0,0
BRDA:313,21,1,0
BRDA:313,21,2,0
BRDA:343,22,0,0
BRDA:343,22,1,0
BRDA:343,22,2,0
BRDA:384,23,0,0
BRDA:384,23,1,0
BRDA:384,23,2,0
BRDA:423,24,0,0
BRDA:423,24,1,0
BRF:55
BRH:0
end_of_record
TN:
SF:src/pages/NotFound.tsx
FN:11,NotFound
FN:75,(anonymous_2)
FNF:2
FNH:0
FNDA:0,NotFound
FNDA:0,(anonymous_2)
DA:3,0
DA:4,0
DA:5,0
DA:6,0
DA:7,0
DA:8,0
DA:9,0
DA:11,0
DA:12,0
DA:13,0
DA:15,0
DA:75,0
LF:12
LH:0
BRF:0
BRH:0
end_of_record
TN:
SF:src/pages/PublicPlaylistDestination.tsx
FN:57,PublicPlaylistDestination
FN:69,(anonymous_10)
FN:79,(anonymous_11)
FN:90,(anonymous_12)
FN:101,(anonymous_13)
FN:144,(anonymous_14)
FN:145,checkBothPlatforms
FN:175,(anonymous_16)
FN:188,(anonymous_17)
FN:194,(anonymous_18)
FN:207,(anonymous_19)
FN:211,(anonymous_20)
FN:218,(anonymous_21)
FN:242,(anonymous_22)
FN:270,(anonymous_23)
FN:292,(anonymous_24)
FN:324,(anonymous_25)
FN:389,(anonymous_26)
FN:421,(anonymous_27)
FN:439,handleStartTransfer
FN:451,(anonymous_29)
FN:540,(anonymous_30)
FN:567,(anonymous_31)
FN:593,(anonymous_32)
FN:613,(anonymous_33)
FN:614,(anonymous_34)
FN:628,(anonymous_35)
FN:629,(anonymous_36)
FN:648,(anonymous_37)
FN:669,(anonymous_38)
FN:708,(anonymous_39)
FN:709,(anonymous_40)
FN:758,(anonymous_41)
FN:788,(anonymous_42)
FN:797,(anonymous_43)
FN:815,(anonymous_44)
FN:943,(anonymous_45)
FN:965,(anonymous_46)
FN:974,(anonymous_47)
FN:1010,(anonymous_48)
FN:1032,(anonymous_49)
FN:1041,(anonymous_50)
FNF:42
FNH:0
FNDA:0,PublicPlaylistDestination
FNDA:0,(anonymous_10)
FNDA:0,(anonymous_11)
FNDA:0,(anonymous_12)
FNDA:0,(anonymous_13)
FNDA:0,(anonymous_14)
FNDA:0,checkBothPlatforms
FNDA:0,(anonymous_16)
FNDA:0,(anonymous_17)
FNDA:0,(anonymous_18)
FNDA:0,(anonymous_19)
FNDA:0,(anonymous_20)
FNDA:0,(anonymous_21)
FNDA:0,(anonymous_22)
FNDA:0,(anonymous_23)
FNDA:0,(anonymous_24)
FNDA:0,(anonymous_25)
FNDA:0,(anonymous_26)
FNDA:0,(anonymous_27)
FNDA:0,handleStartTransfer
FNDA:0,(anonymous_29)
FNDA:0,(anonymous_30)
FNDA:0,(anonymous_31)
FNDA:0,(anonymous_32)
FNDA:0,(anonymous_33)
FNDA:0,(anonymous_34)
FNDA:0,(anonymous_35)
FNDA:0,(anonymous_36)
FNDA:0,(anonymous_37)
FNDA:0,(anonymous_38)
FNDA:0,(anonymous_39)
FNDA:0,(anonymous_40)
FNDA:0,(anonymous_41)
FNDA:0,(anonymous_42)
FNDA:0,(anonymous_43)
FNDA:0,(anonymous_44)
FNDA:0,(anonymous_45)
FNDA:0,(anonymous_46)
FNDA:0,(anonymous_47)
FNDA:0,(anonymous_48)
FNDA:0,(anonymous_49)
FNDA:0,(anonymous_50)
DA:9,0
DA:10,0
DA:11,0
DA:12,0
DA:13,0
DA:14,0
DA:15,0
DA:16,0
DA:23,0
DA:37,0
DA:38,0
DA:39,0
DA:40,0
DA:41,0
DA:42,0
DA:57,0
DA:58,0
DA:59,0
DA:60,0
DA:61,0
DA:62,0
DA:64,0
DA:67,0
DA:68,0
DA:70,0
DA:71,0
DA:72,0
DA:74,0
DA:78,0
DA:80,0
DA:81,0
DA:82,0
DA:84,0
DA:90,0
DA:91,0
DA:92,0
DA:93,0
DA:95,0
DA:96,0
DA:101,0
DA:102,0
DA:103,0
DA:108,0
DA:109,0
DA:112,0
DA:113,0
DA:114,0
DA:115,0
DA:116,0
DA:119,0
DA:120,0
DA:121,0
DA:122,0
DA:123,0
DA:124,0
DA:125,0
DA:126,0
DA:128,0
DA:129,0
DA:130,0
DA:133,0
DA:134,0
DA:135,0
DA:136,0
DA:137,0
DA:140,0
DA:141,0
DA:144,0
DA:146,0
DA:147,0
DA:148,0
DA:149,0
DA:150,0
DA:152,0
DA:153,0
DA:154,0
DA:156,0
DA:157,0
DA:159,0
DA:162,0
DA:163,0
DA:164,0
DA:166,0
DA:167,0
DA:169,0
DA:173,0
DA:175,0
DA:176,0
DA:177,0
DA:178,0
DA:180,0
DA:181,0
DA:182,0
DA:188,0
DA:189,0
DA:190,0
DA:191,0
DA:194,0
DA:195,0
DA:196,0
DA:197,0
DA:198,0
DA:200,0
DA:201,0
DA:203,0
DA:207,0
DA:211,0
DA:212,0
DA:214,0
DA:215,0
DA:218,0
DA:219,0
DA:220,0
DA:226,0
DA:227,0
DA:228,0
DA:229,0
DA:231,0
DA:232,0
DA:233,0
DA:234,0
DA:242,0
DA:243,0
DA:244,0
DA:245,0
DA:251,0
DA:252,0
DA:270,0
DA:271,0
DA:273,0
DA:274,0
DA:276,0
DA:277,0
DA:278,0
DA:279,0
DA:280,0
DA:284,0
DA:285,0
DA:292,0
DA:293,0
DA:295,0
DA:296,0
DA:298,0
DA:299,0
DA:301,0
DA:302,0
DA:303,0
DA:306,0
DA:308,0
DA:314,0
DA:315,0
DA:316,0
DA:319,0
DA:320,0
DA:321,0
DA:324,0
DA:326,0
DA:327,0
DA:328,0
DA:332,0
DA:335,0
DA:336,0
DA:337,0
DA:339,0
DA:340,0
DA:341,0
DA:342,0
DA:343,0
DA:345,0
DA:348,0
DA:349,0
DA:355,0
DA:357,0
DA:360,0
DA:361,0
DA:363,0
DA:364,0
DA:366,0
DA:367,0
DA:369,0
DA:370,0
DA:373,0
DA:374,0
DA:376,0
DA:379,0
DA:389,0
DA:390,0
DA:391,0
DA:392,0
DA:395,0
DA:396,0
DA:397,0
DA:401,0
DA:404,0
DA:405,0
DA:406,0
DA:408,0
DA:413,0
DA:414,0
DA:421,0
DA:422,0
DA:423,0
DA:425,0
DA:426,0
DA:428,0
DA:431,0
DA:433,0
DA:434,0
DA:440,0
DA:441,0
DA:442,0
DA:445,0
DA:446,0
DA:447,0
DA:451,0
DA:453,0
DA:454,0
DA:455,0
DA:456,0
DA:457,0
DA:460,0
DA:461,0
DA:462,0
DA:463,0
DA:464,0
DA:467,0
DA:469,0
DA:470,0
DA:471,0
DA:474,0
DA:475,0
DA:476,0
DA:477,0
DA:478,0
DA:483,0
DA:484,0
DA:485,0
DA:488,0
DA:489,0
DA:490,0
DA:494,0
DA:495,0
DA:496,0
DA:499,0
DA:500,0
DA:501,0
DA:502,0
DA:517,0
DA:518,0
DA:520,0
DA:522,0
DA:524,0
DA:525,0
DA:530,0
DA:533,0
DA:534,0
DA:535,0
DA:537,0
DA:540,0
DA:541,0
DA:544,0
DA:549,0
DA:556,0
DA:559,0
DA:560,0
DA:562,0
DA:567,0
DA:593,0
DA:613,0
DA:614,0
DA:628,0
DA:629,0
DA:649,0
DA:670,0
DA:671,0
DA:672,0
DA:673,0
DA:708,0
DA:709,0
DA:758,0
DA:789,0
DA:798,0
DA:816,0
DA:817,0
DA:818,0
DA:819,0
DA:820,0
DA:852,0
DA:944,0
DA:945,0
DA:965,0
DA:975,0
DA:976,0
DA:1011,0
DA:1012,0
DA:1032,0
DA:1042,0
DA:1043,0
LF:298
LH:0
BRDA:67,0,0,0
BRDA:67,0,1,0
BRDA:69,1,0,0
BRDA:69,1,1,0
BRDA:72,2,0,0
BRDA:72,2,1,0
BRDA:79,3,0,0
BRDA:79,3,1,0
BRDA:82,4,0,0
BRDA:82,4,1,0
BRDA:91,5,0,0
BRDA:91,5,1,0
BRDA:92,6,0,0
BRDA:92,6,1,0
BRDA:95,7,0,0
BRDA:95,7,1,0
BRDA:102,8,0,0
BRDA:102,8,1,0
BRDA:102,9,0,0
BRDA:102,9,1,0
BRDA:108,10,0,0
BRDA:108,10,1,0
BRDA:109,11,0,0
BRDA:109,11,1,0
BRDA:176,12,0,0
BRDA:176,12,1,0
BRDA:180,13,0,0
BRDA:180,13,1,0
BRDA:189,14,0,0
BRDA:189,14,1,0
BRDA:189,15,0,0
BRDA:189,15,1,0
BRDA:212,16,0,0
BRDA:212,16,1,0
BRDA:214,17,0,0
BRDA:214,17,1,0
BRDA:228,18,0,0
BRDA:228,18,1,0
BRDA:231,19,0,0
BRDA:231,19,1,0
BRDA:231,20,0,0
BRDA:231,20,1,0
BRDA:232,21,0,0
BRDA:232,21,1,0
BRDA:243,22,0,0
BRDA:243,22,1,0
BRDA:251,23,0,0
BRDA:251,23,1,0
BRDA:273,24,0,0
BRDA:273,24,1,0
BRDA:276,25,0,0
BRDA:276,25,1,0
BRDA:278,26,0,0
BRDA:278,26,1,0
BRDA:301,27,0,0
BRDA:301,27,1,0
BRDA:314,28,0,0
BRDA:314,28,1,0
BRDA:319,29,0,0
BRDA:319,29,1,0
BRDA:335,30,0,0
BRDA:335,30,1,0
BRDA:336,31,0,0
BRDA:336,31,1,0
BRDA:342,32,0,0
BRDA:342,32,1,0
BRDA:348,33,0,0
BRDA:348,33,1,0
BRDA:363,34,0,0
BRDA:363,34,1,0
BRDA:366,35,0,0
BRDA:366,35,1,0
BRDA:373,36,0,0
BRDA:373,36,1,0
BRDA:390,37,0,0
BRDA:390,37,1,0
BRDA:404,38,0,0
BRDA:404,38,1,0
BRDA:415,39,0,0
BRDA:415,39,1,0
BRDA:425,40,0,0
BRDA:425,40,1,0
BRDA:434,41,0,0
BRDA:434,41,1,0
BRDA:440,42,0,0
BRDA:440,42,1,0
BRDA:445,43,0,0
BRDA:445,43,1,0
BRDA:454,44,0,0
BRDA:454,44,1,0
BRDA:460,45,0,0
BRDA:460,45,1,0
BRDA:461,46,0,0
BRDA:461,46,1,0
BRDA:467,47,0,0
BRDA:467,47,1,0
BRDA:469,48,0,0
BRDA:469,48,1,0
BRDA:475,49,0,0
BRDA:475,49,1,0
BRDA:483,50,0,0
[...]
BRDA:736,91,1,0
BRDA:746,92,0,0
BRDA:746,92,1,0
BRDA:746,93,0,0
BRDA:746,93,1,0
BRDA:746,93,2,0
BRDA:757,94,0,0
BRDA:757,94,1,0
BRDA:762,95,0,0
BRDA:762,95,1,0
BRDA:775,96,0,0
BRDA:775,96,1,0
BRDA:776,97,0,0
BRDA:776,97,1,0
BRDA:783,98,0,0
BRDA:783,98,1,0
BRDA:803,99,0,0
BRDA:803,99,1,0
BRDA:803,99,2,0
BRDA:803,99,3,0
BRDA:825,100,0,0
BRDA:825,100,1,0
BRDA:825,100,2,0
BRDA:850,101,0,0
BRDA:850,101,1,0
BRDA:858,102,0,0
BRDA:858,102,1,0
BRDA:863,103,0,0
BRDA:863,103,1,0
BRDA:871,104,0,0
BRDA:871,104,1,0
BRDA:871,104,2,0
BRDA:874,105,0,0
BRDA:874,105,1,0
BRDA:875,106,0,0
BRDA:875,106,1,0
BRDA:875,107,0,0
BRDA:875,107,1,0
BRDA:877,108,0,0
BRDA:877,108,1,0
BRDA:877,109,0,0
BRDA:877,109,1,0
BRDA:880,110,0,0
BRDA:880,110,1,0
BRDA:880,111,0,0
BRDA:880,111,1,0
BRDA:881,112,0,0
BRDA:881,112,1,0
BRDA:881,113,0,0
BRDA:881,113,1,0
BRF:249
BRH:0
end_of_record
TN:
SF:src/pages/Shift/SelectPlaylist.tsx
FN:56,useDebouncedValue
FN:58,(anonymous_10)
FN:59,(anonymous_11)
FN:60,(anonymous_12)
FN:65,SelectPlaylist
FN:89,(anonymous_14)
FN:92,(anonymous_15)
FN:99,checkPlatformLink
FN:122,handlePlatformSwitch
FN:141,handleLinkPlatform
FN:163,(anonymous_19)
FN:198,(anonymous_20)
FN:228,loadPlaylists
FN:254,checkQuotaWarning
FN:256,(anonymous_23)
FN:256,(anonymous_24)
FN:257,(anonymous_25)
FN:269,handleTogglePlaylist
FN:272,(anonymous_27)
FN:288,(anonymous_28)
FN:313,handleIncludeAllToggle
FN:316,(anonymous_30)
FN:330,handleReconnect
FN:375,(anonymous_32)
FN:391,(anonymous_33)
FN:404,handleManualRefresh
FN:412,(anonymous_35)
FN:415,(anonymous_36)
FN:419,(anonymous_37)
FN:420,(anonymous_38)
FN:421,(anonymous_39)
FN:429,(anonymous_40)
FN:490,(anonymous_41)
FN:501,(anonymous_42)
FN:547,(anonymous_43)
FN:554,(anonymous_44)
FN:578,(anonymous_45)
FN:606,(anonymous_46)
FN:621,(anonymous_47)
FN:643,(anonymous_48)
FN:655,(anonymous_49)
FN:658,(anonymous_50)
FN:676,(anonymous_51)
FN:710,(anonymous_52)
FN:728,(anonymous_53)
FN:771,(anonymous_54)
FN:825,(anonymous_55)
FNF:47
FNH:0
FNDA:0,useDebouncedValue
FNDA:0,(anonymous_10)
FNDA:0,(anonymous_11)
FNDA:0,(anonymous_12)
FNDA:0,SelectPlaylist
FNDA:0,(anonymous_14)
FNDA:0,(anonymous_15)
FNDA:0,checkPlatformLink
FNDA:0,handlePlatformSwitch
FNDA:0,handleLinkPlatform
FNDA:0,(anonymous_19)
FNDA:0,(anonymous_20)
FNDA:0,loadPlaylists
FNDA:0,checkQuotaWarning
FNDA:0,(anonymous_23)
FNDA:0,(anonymous_24)
FNDA:0,(anonymous_25)
FNDA:0,handleTogglePlaylist
FNDA:0,(anonymous_27)
FNDA:0,(anonymous_28)
FNDA:0,handleIncludeAllToggle
FNDA:0,(anonymous_30)
FNDA:0,handleReconnect
FNDA:0,(anonymous_32)
FNDA:0,(anonymous_33)
FNDA:0,handleManualRefresh
FNDA:0,(anonymous_35)
FNDA:0,(anonymous_36)
FNDA:0,(anonymous_37)
FNDA:0,(anonymous_38)
FNDA:0,(anonymous_39)
FNDA:0,(anonymous_40)
FNDA:0,(anonymous_41)
FNDA:0,(anonymous_42)
FNDA:0,(anonymous_43)
FNDA:0,(anonymous_44)
FNDA:0,(anonymous_45)
FNDA:0,(anonymous_46)
FNDA:0,(anonymous_47)
FNDA:0,(anonymous_48)
FNDA:0,(anonymous_49)
FNDA:0,(anonymous_50)
FNDA:0,(anonymous_51)
FNDA:0,(anonymous_52)
FNDA:0,(anonymous_53)
FNDA:0,(anonymous_54)
FNDA:0,(anonymous_55)
DA:12,0
DA:13,0
DA:14,0
DA:15,0
DA:16,0
DA:17,0
DA:18,0
DA:31,0
DA:32,0
DA:33,0
DA:38,0
DA:39,0
DA:57,0
DA:58,0
DA:59,0
DA:60,0
DA:62,0
DA:65,0
DA:67,0
DA:69,0
DA:72,0
DA:73,0
DA:75,0
DA:76,0
DA:78,0
DA:79,0
DA:81,0
DA:82,0
DA:83,0
DA:84,0
DA:86,0
DA:89,0
DA:90,0
DA:91,0
DA:92,0
DA:93,0
DA:94,0
DA:100,0
DA:101,0
DA:102,0
DA:103,0
DA:104,0
DA:105,0
DA:106,0
DA:107,0
DA:109,0
DA:112,0
DA:113,0
DA:114,0
DA:115,0
DA:116,0
DA:118,0
DA:124,0
DA:125,0
DA:126,0
DA:128,0
DA:129,0
DA:130,0
DA:131,0
DA:132,0
DA:133,0
DA:134,0
DA:142,0
DA:143,0
DA:144,0
DA:145,0
DA:146,0
DA:147,0
DA:148,0
DA:151,0
DA:156,0
DA:157,0
DA:158,0
DA:162,0
DA:163,0
DA:165,0
DA:166,0
DA:167,0
DA:171,0
DA:174,0
DA:175,0
DA:176,0
DA:177,0
DA:178,0
DA:180,0
DA:181,0
DA:184,0
DA:185,0
DA:186,0
DA:187,0
DA:188,0
DA:190,0
DA:191,0
DA:198,0
DA:199,0
DA:200,0
DA:201,0
DA:204,0
DA:205,0
DA:206,0
DA:210,0
DA:213,0
DA:214,0
DA:215,0
DA:217,0
DA:221,0
DA:222,0
DA:223,0
DA:224,0
DA:229,0
DA:230,0
DA:231,0
DA:232,0
DA:233,0
DA:235,0
DA:236,0
DA:237,0
DA:245,0
DA:247,0
DA:250,0
DA:255,0
DA:256,0
DA:257,0
DA:259,0
DA:260,0
DA:261,0
DA:265,0
DA:271,0
DA:272,0
DA:273,0
DA:274,0
DA:276,0
DA:283,0
DA:284,0
DA:288,0
DA:289,0
DA:290,0
DA:293,0
DA:297,0
DA:299,0
DA:300,0
DA:301,0
DA:303,0
DA:310,0
DA:315,0
DA:316,0
DA:317,0
DA:318,0
DA:320,0
DA:331,0
DA:332,0
DA:333,0
DA:334,0
DA:336,0
DA:338,0
DA:340,0
DA:346,0
DA:347,0
DA:350,0
DA:360,0
DA:361,0
DA:362,0
DA:364,0
DA:367,0
DA:369,0
DA:374,0
DA:375,0
DA:377,0
DA:378,0
DA:379,0
DA:383,0
DA:386,0
DA:387,0
DA:388,0
DA:391,0
DA:394,0
DA:395,0
DA:398,0
DA:399,0
DA:400,0
DA:405,0
DA:406,0
DA:408,0
DA:412,0
DA:413,0
DA:414,0
DA:415,0
DA:419,0
DA:420,0
DA:421,0
DA:422,0
DA:426,0
DA:429,0
DA:430,0
DA:431,0
DA:433,0
DA:438,0
DA:490,0
DA:501,0
DA:547,0
DA:554,0
DA:578,0
DA:606,0
DA:621,0
DA:643,0
DA:655,0
DA:659,0
DA:677,0
DA:711,0
DA:712,0
DA:728,0
DA:772,0
DA:773,0
DA:826,0
DA:827,0
DA:829,0
LF:216
LH:0
BRDA:70,0,0,0
BRDA:70,0,1,0
BRDA:93,1,0,0
BRDA:93,1,1,0
BRDA:106,2,0,0
BRDA:106,2,1,0
BRDA:113,3,0,0
BRDA:113,3,1,0
BRDA:124,4,0,0
BRDA:124,4,1,0
BRDA:146,5,0,0
BRDA:146,5,1,0
BRDA:156,6,0,0
BRDA:156,6,1,0
BRDA:162,7,0,0
BRDA:162,7,1,0
BRDA:174,8,0,0
BRDA:174,8,1,0
BRDA:175,9,0,0
BRDA:175,9,1,0
BRDA:184,10,0,0
BRDA:184,10,1,0
BRDA:185,11,0,0
BRDA:185,11,1,0
BRDA:199,12,0,0
BRDA:199,12,1,0
BRDA:213,13,0,0
BRDA:213,13,1,0
BRDA:221,14,0,0
BRDA:221,14,1,0
BRDA:223,15,0,0
BRDA:223,15,1,0
BRDA:233,16,0,0
BRDA:233,16,1,0
BRDA:235,17,0,0
BRDA:235,17,1,0
BRDA:236,18,0,0
BRDA:236,18,1,0
BRDA:257,19,0,0
BRDA:257,19,1,0
BRDA:259,20,0,0
BRDA:259,20,1,0
BRDA:271,21,0,0
BRDA:271,21,1,0
BRDA:289,22,0,0
BRDA:289,22,1,0
BRDA:289,23,0,0
BRDA:289,23,1,0
BRDA:301,24,0,0
BRDA:301,24,1,0
BRDA:317,25,0,0
BRDA:317,25,1,0
BRDA:346,26,0,0
BRDA:346,26,1,0
BRDA:367,27,0,0
BRDA:367,27,1,0
BRDA:374,28,0,0
BRDA:374,28,1,0
BRDA:386,29,0,0
BRDA:386,29,1,0
BRDA:414,30,0,0
BRDA:414,30,1,0
BRDA:422,31,0,0
BRDA:422,31,1,0
BRDA:426,32,0,0
BRDA:426,32,1,0
BRDA:430,33,0,0
BRDA:430,33,1,0
BRDA:461,34,0,0
BRDA:461,34,1,0
BRDA:478,35,0,0
BRDA:478,35,1,0
BRDA:478,36,0,0
BRDA:478,36,1,0
BRDA:483,37,0,0
BRDA:483,37,1,0
BRDA:483,38,0,0
BRDA:483,38,1,0
BRDA:498,39,0,0
BRDA:498,39,1,0
BRDA:515,40,0,0
BRDA:515,40,1,0
BRDA:546,41,0,0
BRDA:546,41,1,0
BRDA:553,42,0,0
BRDA:553,42,1,0
BRDA:561,43,0,0
BRDA:561,43,1,0
BRDA:566,44,0,0
BRDA:566,44,1,0
BRDA:574,45,0,0
BRDA:574,45,1,0
BRDA:599,46,0,0
BRDA:599,46,1,0
BRDA:614,47,0,0
BRDA:614,47,1,0
BRDA:654,48,0,0
BRDA:654,48,1,0
BRDA:670,49,0,0
BRDA:670,49,1,0
BRDA:692,50,0,0
BRDA:692,50,1,0
BRDA:700,51,0,0
BRDA:700,51,1,0
BRDA:723,52,0,0
BRDA:723,52,1,0
BRDA:735,53,0,0
BRDA:735,53,1,0
BRDA:753,54,0,0
BRDA:753,54,1,0
BRDA:756,55,0,0
BRDA:756,55,1,0
BRDA:764,56,0,0
BRDA:764,56,1,0
BRDA:774,57,0,0
BRDA:774,57,1,0
BRDA:781,58,0,0
BRDA:781,58,1,0
BRDA:790,59,0,0
BRDA:790,59,1,0
BRDA:818,60,0,0
BRDA:818,60,1,0
BRDA:826,61,0,0
BRDA:826,61,1,0
BRDA:837,62,0,0
BRDA:837,62,1,0
BRDA:837,63,0,0
BRDA:837,63,1,0
BRF:128
BRH:0
end_of_record
TN:
SF:src/pages/Shift/TransferResults.tsx
FN:57,TransferResults
FN:78,(anonymous_11)
FN:82,(anonymous_12)
FN:130,(anonymous_13)
FN:188,(anonymous_14)
FN:192,(anonymous_15)
FN:204,(anonymous_16)
FN:209,(anonymous_17)
FN:221,(anonymous_18)
FN:232,(anonymous_19)
FN:243,(anonymous_20)
FN:248,(anonymous_21)
FN:255,(anonymous_22)
FN:278,(anonymous_23)
FN:289,(anonymous_24)
FN:364,(anonymous_25)
FN:365,(anonymous_26)
FN:366,(anonymous_27)
FN:367,(anonymous_28)
FN:368,(anonymous_29)
FN:369,(anonymous_30)
FN:392,(anonymous_31)
FN:493,(anonymous_32)
FNF:23
FNH:0
FNDA:0,TransferResults
FNDA:0,(anonymous_11)
FNDA:0,(anonymous_12)
FNDA:0,(anonymous_13)
FNDA:0,(anonymous_14)
FNDA:0,(anonymous_15)
FNDA:0,(anonymous_16)
FNDA:0,(anonymous_17)
FNDA:0,(anonymous_18)
FNDA:0,(anonymous_19)
FNDA:0,(anonymous_20)
FNDA:0,(anonymous_21)
FNDA:0,(anonymous_22)
FNDA:0,(anonymous_23)
FNDA:0,(anonymous_24)
FNDA:0,(anonymous_25)
FNDA:0,(anonymous_26)
FNDA:0,(anonymous_27)
FNDA:0,(anonymous_28)
FNDA:0,(anonymous_29)
FNDA:0,(anonymous_30)
FNDA:0,(anonymous_31)
FNDA:0,(anonymous_32)
DA:5,0
DA:6,0
DA:7,0
DA:8,0
DA:9,0
DA:10,0
DA:11,0
DA:19,0
DA:20,0
DA:25,0
DA:26,0
DA:28,0
DA:57,0
DA:58,0
DA:59,0
DA:60,0
DA:62,0
DA:63,0
DA:64,0
DA:65,0
DA:66,0
DA:67,0
DA:69,0
DA:70,0
DA:71,0
DA:73,0
DA:78,0
DA:79,0
DA:80,0
DA:82,0
DA:83,0
DA:84,0
DA:85,0
DA:86,0
DA:87,0
DA:89,0
DA:92,0
DA:93,0
DA:95,0
DA:99,0
DA:101,0
DA:104,0
DA:106,0
DA:107,0
DA:108,0
DA:110,0
DA:114,0
DA:115,0
DA:116,0
DA:118,0
DA:119,0
DA:120,0
DA:121,0
DA:122,0
DA:123,0
DA:124,0
DA:125,0
DA:130,0
DA:131,0
DA:134,0
DA:135,0
DA:136,0
DA:144,0
DA:146,0
DA:149,0
DA:150,0
DA:157,0
DA:158,0
DA:160,0
DA:161,0
DA:164,0
DA:165,0
DA:166,0
DA:170,0
DA:171,0
DA:175,0
DA:176,0
DA:178,0
DA:179,0
DA:180,0
DA:181,0
DA:183,0
DA:188,0
DA:190,0
DA:192,0
DA:194,0
DA:195,0
DA:196,0
DA:197,0
DA:199,0
DA:201,0
DA:205,0
DA:209,0
DA:210,0
DA:211,0
DA:212,0
DA:213,0
DA:214,0
DA:221,0
DA:222,0
DA:223,0
DA:225,0
DA:226,0
DA:232,0
DA:233,0
DA:234,0
DA:236,0
DA:237,0
DA:243,0
DA:244,0
DA:245,0
DA:248,0
DA:249,0
DA:250,0
DA:251,0
DA:252,0
DA:255,0
DA:258,0
DA:259,0
DA:260,0
DA:263,0
DA:264,0
DA:265,0
DA:267,0
DA:268,0
DA:269,0
DA:270,0
DA:272,0
DA:276,0
DA:277,0
DA:278,0
DA:279,0
DA:282,0
DA:286,0
DA:288,0
DA:289,0
DA:290,0
DA:301,0
DA:302,0
DA:337,0
DA:338,0
DA:358,0
DA:361,0
DA:364,0
DA:365,0
DA:366,0
DA:367,0
DA:368,0
DA:369,0
DA:372,0
DA:392,0
DA:430,0
DA:493,0
LF:153
LH:0
BRDA:69,0,0,0
BRDA:69,0,1,0
BRDA:83,1,0,0
BRDA:83,1,1,0
BRDA:83,2,0,0
BRDA:83,2,1,0
BRDA:85,3,0,0
BRDA:85,3,1,0
BRDA:106,4,0,0
BRDA:106,4,1,0
BRDA:114,5,0,0
BRDA:114,5,1,0
BRDA:119,6,0,0
BRDA:119,6,1,0
BRDA:123,7,0,0
BRDA:123,7,1,0
BRDA:135,8,0,0
BRDA:135,8,1,0
BRDA:135,9,0,0
BRDA:135,9,1,0
BRDA:135,9,2,0
BRDA:137,10,0,0
BRDA:137,10,1,0
BRDA:138,11,0,0
BRDA:138,11,1,0
BRDA:139,12,0,0
BRDA:139,12,1,0
BRDA:140,13,0,0
BRDA:140,13,1,0
BRDA:146,14,0,0
BRDA:146,14,1,0
BRDA:150,15,0,0
BRDA:150,15,1,0
BRDA:151,16,0,0
BRDA:151,16,1,0
BRDA:151,16,2,0
BRDA:151,16,3,0
BRDA:151,16,4,0
BRDA:164,17,0,0
BRDA:164,17,1,0
BRDA:179,18,0,0
BRDA:179,18,1,0
BRDA:190,19,0,0
BRDA:190,19,1,0
BRDA:190,20,0,0
BRDA:190,20,1,0
BRDA:194,21,0,0
BRDA:194,21,1,0
BRDA:194,22,0,0
BRDA:194,22,1,0
BRDA:195,23,0,0
BRDA:195,23,1,0
BRDA:212,24,0,0
BRDA:212,24,1,0
BRDA:248,25,0,0
BRDA:258,26,0,0
BRDA:258,26,1,0
BRDA:258,27,0,0
BRDA:258,27,1,0
BRDA:263,28,0,0
BRDA:263,28,1,0
BRDA:269,29,0,0
BRDA:269,29,1,0
BRDA:269,30,0,0
BRDA:269,30,1,0
BRDA:276,31,0,0
BRDA:276,31,1,0
BRDA:288,32,0,0
BRDA:288,32,1,0
BRDA:301,33,0,0
BRDA:301,33,1,0
BRDA:301,34,0,0
BRDA:301,34,1,0
BRDA:337,35,0,0
BRDA:337,35,1,0
BRDA:358,36,0,0
BRDA:358,36,1,0
BRDA:358,36,2,0
BRDA:364,37,0,0
BRDA:364,37,1,0
BRDA:364,37,2,0
BRDA:365,38,0,0
BRDA:365,38,1,0
BRDA:365,38,2,0
BRDA:366,39,0,0
BRDA:366,39,1,0
BRDA:366,39,2,0
BRDA:367,40,0,0
BRDA:367,40,1,0
BRDA:367,40,2,0
BRDA:368,41,0,0
BRDA:368,41,1,0
BRDA:368,41,2,0
BRDA:369,42,0,0
BRDA:369,42,1,0
BRDA:369,42,2,0
BRDA:372,43,0,0
BRDA:372,43,1,0
BRDA:402,44,0,0
BRDA:402,44,1,0
BRDA:417,45,0,0
BRDA:417,45,1,0
BRDA:417,45,2,0
BRDA:440,46,0,0
BRDA:440,46,1,0
BRDA:442,47,0,0
BRDA:442,47,1,0
BRDA:447,48,0,0
BRDA:447,48,1,0
BRDA:453,49,0,0
BRDA:453,49,1,0
BRDA:478,50,0,0
BRDA:478,50,1,0
BRDA:502,51,0,0
BRDA:502,51,1,0
BRDA:529,52,0,0
BRDA:529,52,1,0
BRDA:543,53,0,0
BRDA:543,53,1,0
BRDA:543,53,2,0
BRDA:543,53,3,0
BRDA:547,54,0,0
BRDA:547,54,1,0
BRF:123
BRH:0
end_of_record
TN:
SF:src/pages/TermsOfService/TermsOfService.tsx
FN:8,TermsOfService
FNF:1
FNH:0
FNDA:0,TermsOfService
DA:2,0
DA:3,0
DA:4,0
DA:5,0
DA:6,0
DA:8,0
DA:9,0
DA:11,0
LF:8
LH:0
BRDA:16,0,0,0
BRDA:16,0,1,0
BRF:2
BRH:0
end_of_record
TN:
SF:src/utils/apiConfig.ts
FN:14,getApiBase
FN:67,getFrontendOrigin
FN:78,setOAuthIntentCookie
FNF:3
FNH:0
FNDA:0,getApiBase
FNDA:0,getFrontendOrigin
FNDA:0,setOAuthIntentCookie
DA:14,0
DA:16,0
DA:17,0
DA:21,0
DA:22,0
DA:27,0
DA:29,0
DA:30,0
DA:31,0
DA:32,0
DA:36,0
DA:37,0
DA:38,0
DA:44,0
DA:45,0
DA:47,0
DA:49,0
DA:51,0
DA:52,0
DA:54,0
DA:61,0
DA:67,0
DA:68,0
DA:78,0
DA:79,0
DA:81,0
DA:82,0
DA:85,0
DA:87,0
DA:88,0
LF:30
LH:0
BRDA:16,0,0,0
BRDA:16,0,1,0
BRDA:16,1,0,0
BRDA:16,1,1,0
BRDA:21,2,0,0
BRDA:21,2,1,0
BRDA:21,3,0,0
BRDA:21,3,1,0
BRDA:27,4,0,0
BRDA:27,4,1,0
BRDA:27,5,0,0
BRDA:27,5,1,0
BRDA:29,6,0,0
BRDA:29,6,1,0
BRDA:31,7,0,0
BRDA:31,7,1,0
BRDA:31,8,0,0
BRDA:31,8,1,0
BRDA:31,8,2,0
BRDA:37,9,0,0
BRDA:37,9,1,0
BRDA:44,10,0,0
BRDA:44,10,1,0
BRDA:47,11,0,0
BRDA:47,11,1,0
BRDA:47,12,0,0
BRDA:47,12,1,0
BRDA:47,12,2,0
BRDA:51,13,0,0
BRDA:51,13,1,0
BRDA:68,14,0,0
BRDA:68,14,1,0
BRDA:79,15,0,0
BRDA:79,15,1,0
BRDA:82,16,0,0
BRDA:82,16,1,0
BRDA:82,16,2,0
BRDA:85,17,0,0
BRDA:85,17,1,0
BRDA:87,18,0,0
BRDA:87,18,1,0
BRDA:87,19,0,0
BRDA:87,19,1,0
BRF:43
BRH:0
end_of_record
TN:
SF:src/utils/contentModeration.ts
FN:33,isUsernameAllowed
FN:49,(anonymous_1)
FN:69,validateTextInput
FN:82,validateInput
FN:93,clearValidationCache
FNF:5
FNH:0
FNDA:0,isUsernameAllowed
FNDA:0,(anonymous_1)
FNDA:0,validateTextInput
FNDA:0,validateInput
FNDA:0,clearValidationCache
DA:8,0
DA:24,0
DA:25,0
DA:33,0
DA:34,0
DA:37,0
DA:38,0
DA:39,0
DA:43,0
DA:44,0
DA:45,0
DA:49,0
DA:52,0
DA:54,0
DA:55,0
DA:56,0
DA:59,0
DA:61,0
DA:69,0
DA:70,0
DA:71,0
DA:72,0
DA:74,0
DA:82,0
DA:83,0
DA:84,0
DA:93,0
DA:94,0
LF:28
LH:0
BRDA:34,0,0,0
BRDA:34,0,1,0
BRDA:34,1,0,0
BRDA:34,1,1,0
BRDA:38,2,0,0
BRDA:38,2,1,0
BRDA:43,3,0,0
BRDA:43,3,1,0
BRDA:52,4,0,0
BRDA:52,4,1,0
BRDA:55,5,0,0
BRDA:55,5,1,0
BRDA:70,6,0,0
BRDA:70,6,1,0
BRDA:70,7,0,0
BRDA:70,7,1,0
BRDA:71,8,0,0
BRDA:71,8,1,0
BRF:18
BRH:0
end_of_record
TN:
SF:src/utils/csrf.ts
FN:7,getCsrfToken
FN:23,addCsrfToken
FNF:2
FNH:0
FNDA:0,getCsrfToken
FNDA:0,addCsrfToken
DA:7,0
DA:8,0
DA:10,0
DA:11,0
DA:12,0
DA:13,0
DA:14,0
DA:17,0
DA:23,0
DA:24,0
DA:25,0
DA:29,0
LF:12
LH:0
BRDA:8,0,0,0
BRDA:8,0,1,0
BRDA:13,1,0,0
BRDA:13,1,1,0
BRDA:23,2,0,0
BRDA:25,3,0,0
BRDA:25,3,1,0
BRDA:29,4,0,0
BRDA:29,4,1,0
BRF:9
BRH:0
end_of_record
TN:
SF:src/utils/index.ts
FN:2,(anonymous_0)
FNF:1
FNH:0
FNDA:0,(anonymous_0)
DA:2,0
DA:3,0
DA:4,0
DA:5,0
DA:6,0
DA:7,0
DA:8,0
DA:9,0
DA:10,0
DA:11,0
LF:10
LH:0
BRDA:3,0,0,0
BRDA:3,0,1,0
BRDA:3,0,2,0
BRDA:3,0,3,0
BRDA:3,0,4,0
BRDA:3,0,5,0
BRDA:3,0,6,0
BRDA:3,0,7,0
BRF:8
BRH:0
end_of_record
TN:
SF:src/utils/index.tsx
FN:9,(anonymous_0)
FN:12,generateCaptcha
FNF:2
FNH:0
FNDA:0,(anonymous_0)
FNDA:0,generateCaptcha
DA:2,0
DA:9,0
DA:10,0
DA:14,0
DA:15,0
DA:16,0
DA:17,0
DA:19,0
LF:8
LH:0
BRDA:10,0,0,0
BRDA:10,0,1,0
BRDA:12,1,0,0
BRF:3
BRH:0
end_of_record
TN:
SF:src/utils/logger.ts
FN:7,(anonymous_0)
FN:12,(anonymous_1)
FN:16,(anonymous_2)
FNF:3
FNH:0
FNDA:0,(anonymous_0)
FNDA:0,(anonymous_1)
FNDA:0,(anonymous_2)
DA:4,0
DA:6,0
DA:8,0
DA:9,0
DA:14,0
DA:17,0
DA:18,0
LF:7
LH:0
BRDA:8,0,0,0
BRDA:8,0,1,0
BRDA:17,1,0,0
BRDA:17,1,1,0
BRF:4
BRH:0
end_of_record
TN:
SF:src/utils/userMessages.ts
FN:9,getUserFriendlyError
FN:35,getErrorMessage
FN:102,getTransferPhaseMessage
FN:110,getProgressMessage
FNF:4
FNH:0
FNDA:0,getUserFriendlyError
FNDA:0,getErrorMessage
FNDA:0,getTransferPhaseMessage
FNDA:0,getProgressMessage
DA:9,0
DA:10,0
DA:11,0
DA:14,0
DA:29,0
DA:35,0
DA:36,0
DA:37,0
DA:41,0
DA:42,0
DA:46,0
DA:49,0
DA:52,0
DA:60,0
DA:61,0
DA:65,0
DA:66,0
DA:71,0
DA:77,0
DA:89,0
DA:102,0
DA:103,0
DA:104,0
DA:110,0
DA:111,0
DA:113,0
DA:114,0
DA:116,0
LF:28
LH:0
BRDA:10,0,0,0
BRDA:10,0,1,0
BRDA:11,1,0,0
BRDA:11,1,1,0
BRDA:29,2,0,0
BRDA:29,2,1,0
BRDA:29,2,2,0
BRDA:36,3,0,0
BRDA:36,3,1,0
BRDA:41,4,0,0
BRDA:41,4,1,0
BRDA:41,5,0,0
BRDA:41,5,1,0
BRDA:41,5,2,0
BRDA:46,6,0,0
BRDA:46,6,1,0
BRDA:49,7,0,0
BRDA:49,7,1,0
BRDA:49,7,2,0
BRDA:60,8,0,0
BRDA:60,8,1,0
BRDA:61,9,0,0
BRDA:61,9,1,0
BRDA:65,10,0,0
BRDA:65,10,1,0
BRDA:65,11,0,0
BRDA:65,11,1,0
BRDA:65,11,2,0
BRDA:66,12,0,0
BRDA:66,12,1,0
BRDA:71,13,0,0
BRDA:71,13,1,0
BRDA:103,14,0,0
BRDA:103,14,1,0
BRDA:104,15,0,0
BRDA:104,15,1,0
BRDA:111,16,0,0
BRDA:111,16,1,0
BRDA:114,17,0,0
BRDA:114,17,1,0
BRF:40
BRH:0
end_of_record
TN:
SF:src/utils/security/turnstile.ts
FN:16,debugLog
FN:42,loadTurnstile
FN:46,(anonymous_2)
FN:49,(anonymous_3)
FN:65,(anonymous_4)
FN:67,(anonymous_5)
FN:72,(anonymous_6)
FN:76,(anonymous_7)
FN:82,(anonymous_8)
FN:100,(anonymous_9)
FN:113,waitForElement
FN:114,(anonymous_11)
FN:127,(anonymous_12)
FN:143,(anonymous_13)
FN:159,(anonymous_14)
FN:170,renderTurnstile
FN:208,(anonymous_16)
FN:253,(anonymous_17)
FN:259,(anonymous_18)
FN:277,(anonymous_19)
FN:282,(anonymous_20)
FN:296,(anonymous_21)
FN:314,(anonymous_22)
FN:334,(anonymous_23)
FN:353,getTurnstileToken
FN:358,resetTurnstile
FNF:26
FNH:0
FNDA:0,debugLog
FNDA:0,loadTurnstile
FNDA:0,(anonymous_2)
FNDA:0,(anonymous_3)
FNDA:0,(anonymous_4)
FNDA:0,(anonymous_5)
FNDA:0,(anonymous_6)
FNDA:0,(anonymous_7)
FNDA:0,(anonymous_8)
FNDA:0,(anonymous_9)
FNDA:0,waitForElement
FNDA:0,(anonymous_11)
FNDA:0,(anonymous_12)
FNDA:0,(anonymous_13)
FNDA:0,(anonymous_14)
FNDA:0,renderTurnstile
FNDA:0,(anonymous_16)
FNDA:0,(anonymous_17)
FNDA:0,(anonymous_18)
FNDA:0,(anonymous_19)
FNDA:0,(anonymous_20)
FNDA:0,(anonymous_21)
FNDA:0,(anonymous_22)
FNDA:0,(anonymous_23)
FNDA:0,getTurnstileToken
FNDA:0,resetTurnstile
DA:6,0
DA:7,0
DA:8,0
DA:10,0
DA:11,0
DA:12,0
DA:15,0
DA:17,0
DA:21,0
DA:22,0
DA:23,0
DA:24,0
DA:42,0
DA:43,0
DA:45,0
DA:46,0
DA:47,0
DA:48,0
DA:49,0
DA:50,0
DA:51,0
DA:52,0
DA:53,0
DA:55,0
DA:56,0
DA:59,0
DA:63,0
DA:64,0
DA:65,0
DA:67,0
DA:68,0
DA:69,0
DA:72,0
DA:73,0
DA:74,0
DA:76,0
DA:77,0
DA:78,0
DA:79,0
DA:82,0
DA:83,0
DA:84,0
DA:85,0
DA:87,0
DA:89,0
DA:94,0
DA:96,0
DA:97,0
DA:98,0
DA:99,0
DA:100,0
DA:101,0
DA:102,0
DA:103,0
DA:106,0
DA:107,0
DA:108,0
DA:114,0
DA:116,0
DA:117,0
DA:118,0
DA:119,0
DA:120,0
DA:123,0
DA:124,0
DA:125,0
DA:127,0
DA:128,0
DA:129,0
DA:130,0
DA:131,0
DA:132,0
DA:133,0
DA:134,0
DA:135,0
DA:136,0
DA:137,0
DA:138,0
DA:143,0
DA:144,0
DA:145,0
DA:146,0
DA:147,0
DA:148,0
DA:149,0
DA:153,0
DA:159,0
DA:160,0
DA:161,0
DA:167,0
DA:170,0
DA:175,0
DA:176,0
DA:177,0
DA:178,0
DA:182,0
DA:183,0
DA:184,0
DA:187,0
DA:190,0
DA:191,0
DA:192,0
DA:193,0
DA:194,0
DA:196,0
DA:197,0
DA:198,0
DA:202,0
DA:203,0
DA:206,0
DA:208,0
DA:209,0
DA:210,0
DA:211,0
DA:212,0
DA:215,0
DA:218,0
DA:219,0
DA:220,0
DA:221,0
DA:222,0
DA:224,0
DA:229,0
DA:230,0
DA:231,0
DA:232,0
DA:236,0
DA:237,0
DA:238,0
DA:239,0
DA:240,0
DA:245,0
DA:246,0
DA:247,0
DA:248,0
DA:251,0
DA:253,0
DA:254,0
DA:255,0
DA:256,0
DA:259,0
DA:260,0
DA:262,0
DA:263,0
DA:264,0
DA:268,0
DA:270,0
DA:271,0
DA:273,0
DA:278,0
DA:279,0
DA:280,0
DA:283,0
DA:284,0
DA:286,0
DA:287,0
DA:288,0
DA:289,0
DA:291,0
DA:294,0
DA:297,0
DA:298,0
DA:300,0
DA:301,0
DA:302,0
DA:303,0
DA:305,0
DA:310,0
DA:311,0
DA:314,0
DA:315,0
DA:316,0
DA:317,0
DA:319,0
DA:323,0
DA:325,0
DA:326,0
DA:331,0
DA:332,0
DA:333,0
DA:334,0
DA:335,0
DA:336,0
DA:339,0
DA:341,0
DA:342,0
DA:346,0
DA:347,0
DA:353,0
DA:354,0
DA:358,0
DA:359,0
DA:360,0
DA:361,0
DA:362,0
DA:364,0
DA:367,0
DA:368,0
DA:369,0
DA:371,0
DA:372,0
LF:201
LH:0
BRDA:11,0,0,0
BRDA:11,0,1,0
BRDA:17,1,0,0
BRDA:17,1,1,0
BRDA:21,2,0,0
BRDA:21,2,1,0
BRDA:23,3,0,0
BRDA:23,3,1,0
BRDA:43,4,0,0
BRDA:43,4,1,0
BRDA:45,5,0,0
BRDA:45,5,1,0
BRDA:50,6,0,0
BRDA:50,6,1,0
BRDA:52,7,0,0
BRDA:52,7,1,0
BRDA:77,8,0,0
BRDA:77,8,1,0
BRDA:83,9,0,0
BRDA:83,9,1,0
BRDA:106,10,0,0
BRDA:106,10,1,0
BRDA:113,11,0,0
BRDA:117,12,0,0
BRDA:117,12,1,0
BRDA:130,13,0,0
BRDA:130,13,1,0
BRDA:134,14,0,0
BRDA:134,14,1,0
BRDA:145,15,0,0
BRDA:145,15,1,0
BRDA:175,16,0,0
BRDA:175,16,1,0
BRDA:182,17,0,0
BRDA:182,17,1,0
BRDA:206,18,0,0
BRDA:206,18,1,0
BRDA:209,19,0,0
BRDA:209,19,1,0
BRDA:218,20,0,0
BRDA:218,20,1,0
BRDA:229,21,0,0
BRDA:229,21,1,0
BRDA:237,22,0,0
BRDA:237,22,1,0
BRDA:237,23,0,0
BRDA:237,23,1,0
BRDA:245,24,0,0
BRDA:245,24,1,0
BRDA:245,25,0,0
BRDA:245,25,1,0
BRDA:254,26,0,0
BRDA:254,26,1,0
BRDA:263,27,0,0
BRDA:263,27,1,0
BRDA:280,28,0,0
BRDA:280,28,1,0
BRDA:286,29,0,0
BRDA:286,29,1,0
BRDA:286,30,0,0
BRDA:286,30,1,0
BRDA:294,31,0,0
BRDA:294,31,1,0
BRDA:300,32,0,0
BRDA:300,32,1,0
BRDA:300,33,0,0
BRDA:300,33,1,0
BRDA:316,34,0,0
BRDA:316,34,1,0
BRDA:331,35,0,0
BRDA:331,35,1,0
BRDA:359,36,0,0
BRDA:359,36,1,0
BRDA:359,37,0,0
BRDA:359,37,1,0
BRDA:367,38,0,0
BRDA:367,38,1,0
BRF:77
BRH:0
end_of_record
